This is XeTeX, Version 3.14159265-2.6-0.999992 (TeX Live 2020) (preloaded format=xelatex 2020.7.6)  29 AUG 2020 11:07
entering extended mode
 \write18 enabled.
 %&-line parsing enabled.
**elegantbook-cn.tex
(./elegantbook-cn.tex
LaTeX2e <2020-02-02> patch level 5
L3 programming layer <2020-03-06> (./elegantbook.cls
Document Class: elegantbook 2020/06/03 v4.0.1 ElegantBook document class
(/opt/texlive2020/texmf-dist/tex/latex/kvoptions/kvoptions.sty
Package: kvoptions 2019/11/29 v3.13 Key value format for package options (HO)

(/opt/texlive2020/texmf-dist/tex/latex/graphics/keyval.sty
Package: keyval 2014/10/28 v1.15 key=value parser (DPC)
\KV@toks@=\toks15
)
(/opt/texlive2020/texmf-dist/tex/generic/ltxcmds/ltxcmds.sty
Package: ltxcmds 2019/12/15 v1.24 LaTeX kernel commands for general use (HO)
)
(/opt/texlive2020/texmf-dist/tex/generic/kvsetkeys/kvsetkeys.sty
Package: kvsetkeys 2019/12/15 v1.18 Key value parser (HO)
))
(/opt/texlive2020/texmf-dist/tex/latex/etoolbox/etoolbox.sty
Package: etoolbox 2019/09/21 v2.5h e-TeX tools for LaTeX (JAW)
\etb@tempcnta=\count163
)
(/opt/texlive2020/texmf-dist/tex/latex/base/book.cls
Document Class: book 2019/12/20 v1.4l Standard LaTeX document class
(/opt/texlive2020/texmf-dist/tex/latex/base/bk11.clo
File: bk11.clo 2019/12/20 v1.4l Standard LaTeX file (size option)
)
\c@part=\count164
\c@chapter=\count165
\c@section=\count166
\c@subsection=\count167
\c@subsubsection=\count168
\c@paragraph=\count169
\c@subparagraph=\count170
\c@figure=\count171
\c@table=\count172
\abovecaptionskip=\skip47
\belowcaptionskip=\skip48
\bibindent=\dimen134
)
(/opt/texlive2020/texmf-dist/tex/latex/setspace/setspace.sty
Package: setspace 2011/12/19 v6.7a set line spacing
)
(/opt/texlive2020/texmf-dist/tex/latex/hyperref/hyperref.sty
Package: hyperref 2020/01/14 v7.00d Hypertext links for LaTeX

(/opt/texlive2020/texmf-dist/tex/generic/iftex/iftex.sty
Package: iftex 2020/03/06 v1.0d TeX engine tests
)
(/opt/texlive2020/texmf-dist/tex/latex/pdftexcmds/pdftexcmds.sty
Package: pdftexcmds 2019/11/24 v0.31 Utility functions of pdfTeX for LuaTeX (HO
)

(/opt/texlive2020/texmf-dist/tex/generic/infwarerr/infwarerr.sty
Package: infwarerr 2019/12/03 v1.5 Providing info/warning/error messages (HO)
)
Package pdftexcmds Info: \pdf@primitive is available.
Package pdftexcmds Info: \pdf@ifprimitive is available.
Package pdftexcmds Info: \pdfdraftmode not found.
)
(/opt/texlive2020/texmf-dist/tex/generic/kvdefinekeys/kvdefinekeys.sty
Package: kvdefinekeys 2019-12-19 v1.6 Define keys (HO)
)
(/opt/texlive2020/texmf-dist/tex/generic/pdfescape/pdfescape.sty
Package: pdfescape 2019/12/09 v1.15 Implements pdfTeX's escape features (HO)
)
(/opt/texlive2020/texmf-dist/tex/latex/hycolor/hycolor.sty
Package: hycolor 2020-01-27 v1.10 Color options for hyperref/bookmark (HO)
)
(/opt/texlive2020/texmf-dist/tex/latex/letltxmacro/letltxmacro.sty
Package: letltxmacro 2019/12/03 v1.6 Let assignment for LaTeX macros (HO)
)
(/opt/texlive2020/texmf-dist/tex/latex/auxhook/auxhook.sty
Package: auxhook 2019-12-17 v1.6 Hooks for auxiliary files (HO)
)
\@linkdim=\dimen135
\Hy@linkcounter=\count173
\Hy@pagecounter=\count174

(/opt/texlive2020/texmf-dist/tex/latex/hyperref/pd1enc.def
File: pd1enc.def 2020/01/14 v7.00d Hyperref: PDFDocEncoding definition (HO)
)
(/opt/texlive2020/texmf-dist/tex/generic/intcalc/intcalc.sty
Package: intcalc 2019/12/15 v1.3 Expandable calculations with integers (HO)
)
(/opt/texlive2020/texmf-dist/tex/generic/etexcmds/etexcmds.sty
Package: etexcmds 2019/12/15 v1.7 Avoid name clashes with e-TeX commands (HO)
)
\Hy@SavedSpaceFactor=\count175
Package hyperref Info: Hyper figures OFF on input line 4547.
Package hyperref Info: Link nesting OFF on input line 4552.
Package hyperref Info: Hyper index ON on input line 4555.
Package hyperref Info: Plain pages OFF on input line 4562.
Package hyperref Info: Backreferencing OFF on input line 4567.
Package hyperref Info: Implicit mode ON; LaTeX internals redefined.
Package hyperref Info: Bookmarks ON on input line 4800.
\c@Hy@tempcnt=\count176

(/opt/texlive2020/texmf-dist/tex/latex/url/url.sty
\Urlmuskip=\muskip16
Package: url 2013/09/16  ver 3.4  Verb mode for urls, etc.
)
LaTeX Info: Redefining \url on input line 5159.
\XeTeXLinkMargin=\dimen136

(/opt/texlive2020/texmf-dist/tex/generic/bitset/bitset.sty
Package: bitset 2019/12/09 v1.3 Handle bit-vector datatype (HO)

(/opt/texlive2020/texmf-dist/tex/generic/bigintcalc/bigintcalc.sty
Package: bigintcalc 2019/12/15 v1.5 Expandable calculations on big integers (HO
)
))
\Fld@menulength=\count177
\Field@Width=\dimen137
\Fld@charsize=\dimen138
Package hyperref Info: Hyper figures OFF on input line 6430.
Package hyperref Info: Link nesting OFF on input line 6435.
Package hyperref Info: Hyper index ON on input line 6438.
Package hyperref Info: backreferencing OFF on input line 6445.
Package hyperref Info: Link coloring OFF on input line 6450.
Package hyperref Info: Link coloring with OCG OFF on input line 6455.
Package hyperref Info: PDF/A mode OFF on input line 6460.
LaTeX Info: Redefining \ref on input line 6500.
LaTeX Info: Redefining \pageref on input line 6504.

(/opt/texlive2020/texmf-dist/tex/generic/atbegshi/atbegshi.sty
Package: atbegshi 2019/12/05 v1.19 At begin shipout hook (HO)
)
\Hy@abspage=\count178
\c@Item=\count179
\c@Hfootnote=\count180
)
Package hyperref Info: Driver (autodetected): hxetex.

(/opt/texlive2020/texmf-dist/tex/latex/hyperref/hxetex.def
File: hxetex.def 2020/01/14 v7.00d Hyperref driver for XeTeX

(/opt/texlive2020/texmf-dist/tex/latex/hyperref/puenc.def
File: puenc.def 2020/01/14 v7.00d Hyperref: PDF Unicode definition (HO)
)
(/opt/texlive2020/texmf-dist/tex/generic/stringenc/stringenc.sty
Package: stringenc 2019/11/29 v1.12 Convert strings between diff. encodings (HO
)
)
\pdfm@box=\box45
\c@Hy@AnnotLevel=\count181
\HyField@AnnotCount=\count182
\Fld@listcount=\count183
\c@bookmark@seq@number=\count184

(/opt/texlive2020/texmf-dist/tex/latex/rerunfilecheck/rerunfilecheck.sty
Package: rerunfilecheck 2019/12/05 v1.9 Rerun checks for auxiliary files (HO)

(/opt/texlive2020/texmf-dist/tex/latex/atveryend/atveryend.sty
Package: atveryend 2019-12-11 v1.11 Hooks at the very end of document (HO)
)
(/opt/texlive2020/texmf-dist/tex/generic/uniquecounter/uniquecounter.sty
Package: uniquecounter 2019/12/15 v1.4 Provide unlimited unique counter (HO)
)
Package uniquecounter Info: New unique counter `rerunfilecheck' on input line 2
86.
)
\Hy@SectionHShift=\skip49
)
Package hyperref Info: Option `colorlinks' set `true' on input line 107.
Package hyperref Info: Option `breaklinks' set `true' on input line 107.
Package hyperref Info: Option `unicode' set `true' on input line 107.


Package hyperref Warning: Option `bookmarks' has already been used,
(hyperref)                setting the option has no effect on input line 107.

Package hyperref Info: Option `bookmarksnumbered' set `true' on input line 107.

Package hyperref Info: Option `bookmarksopen' set `true' on input line 107.
(/opt/texlive2020/texmf-dist/tex/generic/stringenc/se-ascii-print.def
File: se-ascii-print.def 2019/11/29 v1.12 stringenc: Printable ASCII characters

)
Package hyperref Info: Option `plainpages' set `false' on input line 107.
Package hyperref Info: Option `linktocpage' set `false' on input line 107.

(/opt/texlive2020/texmf-dist/tex/latex/geometry/geometry.sty
Package: geometry 2020/01/02 v5.9 Page Geometry

(/opt/texlive2020/texmf-dist/tex/generic/iftex/ifvtex.sty
Package: ifvtex 2019/10/25 v1.7 ifvtex legacy package. Use iftex instead.
)
\Gm@cnth=\count185
\Gm@cntv=\count186
\c@Gm@tempcnt=\count187
\Gm@bindingoffset=\dimen139
\Gm@wd@mp=\dimen140
\Gm@odd@mp=\dimen141
\Gm@even@mp=\dimen142
\Gm@layoutwidth=\dimen143
\Gm@layoutheight=\dimen144
\Gm@layouthoffset=\dimen145
\Gm@layoutvoffset=\dimen146
\Gm@dimlist=\toks16
)
(/opt/texlive2020/texmf-dist/tex/latex/tools/indentfirst.sty
Package: indentfirst 1995/11/23 v1.03 Indent first paragraph (DPC)
)
(/opt/texlive2020/texmf-dist/tex/latex/comment/comment.sty
\CommentStream=\write3

Excluding comment 'comment')
(/opt/texlive2020/texmf-dist/tex/latex/newtx/newtxtext.sty
Package: newtxtext 2020/03/02 v1.625

`newtxtext' v1.625, 2020/03/02 Text macros taking advantage of TeX-Gyre Termes 
fonts (msharpe) (/opt/texlive2020/texmf-dist/tex/latex/fontaxes/fontaxes.sty
Package: fontaxes 2014/03/23 v1.0d Font selection axes
LaTeX Info: Redefining \upshape on input line 29.
LaTeX Info: Redefining \itshape on input line 31.
LaTeX Info: Redefining \slshape on input line 33.
LaTeX Info: Redefining \swshape on input line 35.
LaTeX Info: Redefining \scshape on input line 37.
LaTeX Info: Redefining \sscshape on input line 39.
LaTeX Info: Redefining \ulcshape on input line 41.
LaTeX Info: Redefining \textsw on input line 47.
LaTeX Info: Redefining \textssc on input line 48.
LaTeX Info: Redefining \textulc on input line 49.
)
\ntx@fs=\dimen147

(/opt/texlive2020/texmf-dist/tex/latex/xkeyval/xkeyval.sty
Package: xkeyval 2014/12/03 v2.7a package option processing (HA)

(/opt/texlive2020/texmf-dist/tex/generic/xkeyval/xkeyval.tex
(/opt/texlive2020/texmf-dist/tex/generic/xkeyval/xkvutils.tex
\XKV@toks=\toks17
\XKV@tempa@toks=\toks18
)
\XKV@depth=\count188
File: xkeyval.tex 2014/12/03 v2.7a key=value parser (HA)
))
(/opt/texlive2020/texmf-dist/tex/latex/base/fontenc.sty
Package: fontenc 2020/02/11 v2.0o Standard LaTeX package
LaTeX Font Info:    Trying to load font information for T1+ntxtlf on input line
 112.

(/opt/texlive2020/texmf-dist/tex/latex/newtx/t1ntxtlf.fd
File: t1ntxtlf.fd 2015/01/17 v1.0 font definition file for T1/ntx/tlf
)
LaTeX Font Info:    Font shape `T1/ntxtlf/m/n' will be
(Font)              scaled to size 10.95pt on input line 112.
)
(/opt/texlive2020/texmf-dist/tex/latex/base/textcomp.sty
Package: textcomp 2020/02/02 v2.0n Standard LaTeX package
LaTeX Font Info:    Changing ? sub-encoding to TS1/0 on input line 75.
)
LaTeX Info: Redefining \textin on input line 99.
\ntxt@cntz=\count189
LaTeX Font Info:    Redeclaring math symbol \mathsterling on input line 263.
)
(/opt/texlive2020/texmf-dist/tex/latex/anyfontsize/anyfontsize.sty
Invalid UTF-8 byte or sequence at line 3 replaced by U+FFFD.
Invalid UTF-8 byte or sequence at line 3 replaced by U+FFFD.
Package: anyfontsize 2007/11/22 anyfontsize.sty by pts
)
(/opt/texlive2020/texmf-dist/tex/latex/xcolor/xcolor.sty
Package: xcolor 2016/05/11 v2.12 LaTeX color extensions (UK)

(/opt/texlive2020/texmf-dist/tex/latex/graphics-cfg/color.cfg
File: color.cfg 2016/01/02 v1.6 sample color configuration
)
Package xcolor Info: Driver file: xetex.def on input line 225.

(/opt/texlive2020/texmf-dist/tex/latex/graphics-def/xetex.def
File: xetex.def 2017/06/24 v5.0h Graphics/color driver for xetex
)
Package xcolor Info: Model `cmy' substituted by `cmy0' on input line 1348.
Package xcolor Info: Model `RGB' extended on input line 1364.
Package xcolor Info: Model `HTML' substituted by `rgb' on input line 1366.
Package xcolor Info: Model `Hsb' substituted by `hsb' on input line 1367.
Package xcolor Info: Model `tHsb' substituted by `hsb' on input line 1368.
Package xcolor Info: Model `HSB' substituted by `hsb' on input line 1369.
Package xcolor Info: Model `Gray' substituted by `gray' on input line 1370.
Package xcolor Info: Model `wave' substituted by `hsb' on input line 1371.
)
(/opt/texlive2020/texmf-dist/tex/latex/mwe/mwe.sty
Package: mwe 2018/03/30 v0.5 Package to support minimal working examples (MWE)

(/opt/texlive2020/texmf-dist/tex/latex/graphics/graphicx.sty
Package: graphicx 2019/11/30 v1.2a Enhanced LaTeX Graphics (DPC,SPQR)

(/opt/texlive2020/texmf-dist/tex/latex/graphics/graphics.sty
Package: graphics 2019/11/30 v1.4a Standard LaTeX Graphics (DPC,SPQR)

(/opt/texlive2020/texmf-dist/tex/latex/graphics/trig.sty
Package: trig 2016/01/03 v1.10 sin cos tan (DPC)
)
(/opt/texlive2020/texmf-dist/tex/latex/graphics-cfg/graphics.cfg
File: graphics.cfg 2016/06/04 v1.11 sample graphics configuration
)
Package graphics Info: Driver file: xetex.def on input line 105.
)
\Gin@req@height=\dimen148
\Gin@req@width=\dimen149
)
(/opt/texlive2020/texmf-dist/tex/latex/lipsum/lipsum.sty
(/opt/texlive2020/texmf-dist/tex/latex/l3kernel/expl3.sty
Package: expl3 2020-03-06 L3 programming layer (loader) 

(/opt/texlive2020/texmf-dist/tex/latex/l3backend/l3backend-xdvipdfmx.def
File: l3backend-xdvipdfmx.def 2020-03-12 L3 backend support: xdvipdfmx
\g__graphics_track_int=\count190
\l__pdf_internal_box=\box46
\g__pdf_backend_object_int=\count191
\g__pdf_backend_annotation_int=\count192
))
(/opt/texlive2020/texmf-dist/tex/latex/l3packages/xparse/xparse.sty
Package: xparse 2020-03-06 L3 Experimental document command parser
\l__xparse_current_arg_int=\count193
\g__xparse_grabber_int=\count194
\l__xparse_m_args_int=\count195
\l__xparse_v_nesting_int=\count196
)
Package: lipsum 2019/01/02 v2.2 150 paragraphs of Lorem Ipsum dummy text

(/opt/texlive2020/texmf-dist/tex/latex/lipsum/lipsum.ltd.tex
File: lipsum.ltd.tex 2019/01/02 v2.2 The Lorem ipsum dummy text
))
(/opt/texlive2020/texmf-dist/tex/latex/blindtext/blindtext.sty
Package: blindtext 2012/01/06 V2.0 blindtext-Package

(/opt/texlive2020/texmf-dist/tex/latex/tools/xspace.sty
Package: xspace 2014/10/28 v1.13 Space after command names (DPC,MH)
)
\c@blindtext=\count197
\c@Blindtext=\count198
\c@blind@countparstart=\count199
\blind@countxx=\count266
\blindtext@numBlindtext=\count267
\blind@countyy=\count268
\c@blindlist=\count269
\c@blindlistlevel=\count270
\c@blindlist@level=\count271
\blind@listitem=\count272
\c@blind@listcount=\count273
\c@blind@levelcount=\count274
\blind@mathformula=\count275
\blind@Mathformula=\count276
\c@blind@randomcount=\count277
\c@blind@randommax=\count278
\c@blind@pangramcount=\count279
\c@blind@pangrammax=\count280
))
(/opt/texlive2020/texmf-dist/tex/latex/natbib/natbib.sty
Package: natbib 2010/09/13 8.31b (PWD, AO)
\bibhang=\skip50
\bibsep=\skip51
LaTeX Info: Redefining \cite on input line 694.
\c@NAT@ctr=\count281
)
(/opt/texlive2020/texmf-dist/tex/latex/tools/enumerate.sty
Package: enumerate 2015/07/23 v3.00 enumerate extensions (DPC)
\@enLab=\toks19
)
(/opt/texlive2020/texmf-dist/tex/latex/enumitem/enumitem.sty
Package: enumitem 2019/06/20 v3.9 Customized lists
\labelindent=\skip52
\enit@outerparindent=\dimen150
\enit@toks=\toks20
\enit@inbox=\box47
\enit@count@id=\count282
\enitdp@description=\count283
)
(/opt/texlive2020/texmf-dist/tex/latex/caption/caption.sty
Package: caption 2020/01/03 v3.4h Customizing captions (AR)

(/opt/texlive2020/texmf-dist/tex/latex/caption/caption3.sty
Package: caption3 2020/01/03 v1.8h caption3 kernel (AR)
Package caption3 Info: TeX engine: e-TeX on input line 61.
\captionmargin=\dimen151
\captionmargin@=\dimen152
\captionwidth=\dimen153
\caption@tempdima=\dimen154
\caption@indent=\dimen155
\caption@parindent=\dimen156
\caption@hangindent=\dimen157
Package caption Info: Standard document class detected.
)
\c@caption@flags=\count284
\c@continuedfloat=\count285
Package caption Info: hyperref package is loaded.
)
(/opt/texlive2020/texmf-dist/tex/generic/ulem/ulem.sty
\UL@box=\box48
\UL@hyphenbox=\box49
\UL@skip=\skip53
\UL@hook=\toks21
\UL@height=\dimen158
\UL@pe=\count286
\UL@pixel=\dimen159
\ULC@box=\box50
Package: ulem 2019/11/18
\ULdepth=\dimen160
)
(/opt/texlive2020/texmf-dist/tex/latex/amsmath/amsmath.sty
Package: amsmath 2020/01/20 v2.17e AMS math features
\@mathmargin=\skip54

For additional information on amsmath, use the `?' option.
(/opt/texlive2020/texmf-dist/tex/latex/amsmath/amstext.sty
Package: amstext 2000/06/29 v2.01 AMS text

(/opt/texlive2020/texmf-dist/tex/latex/amsmath/amsgen.sty
File: amsgen.sty 1999/11/30 v2.0 generic functions
\@emptytoks=\toks22
\ex@=\dimen161
))
(/opt/texlive2020/texmf-dist/tex/latex/amsmath/amsbsy.sty
Package: amsbsy 1999/11/29 v1.2d Bold Symbols
\pmbraise@=\dimen162
)
(/opt/texlive2020/texmf-dist/tex/latex/amsmath/amsopn.sty
Package: amsopn 2016/03/08 v2.02 operator names
)
\inf@bad=\count287
LaTeX Info: Redefining \frac on input line 227.
\uproot@=\count288
\leftroot@=\count289
LaTeX Info: Redefining \overline on input line 389.
\classnum@=\count290
\DOTSCASE@=\count291
LaTeX Info: Redefining \ldots on input line 486.
LaTeX Info: Redefining \dots on input line 489.
LaTeX Info: Redefining \cdots on input line 610.
\Mathstrutbox@=\box51
\strutbox@=\box52
\big@size=\dimen163
LaTeX Font Info:    Redeclaring font encoding OML on input line 733.
LaTeX Font Info:    Redeclaring font encoding OMS on input line 734.
\macc@depth=\count292
\c@MaxMatrixCols=\count293
\dotsspace@=\muskip17
\c@parentequation=\count294
\dspbrk@lvl=\count295
\tag@help=\toks23
\row@=\count296
\column@=\count297
\maxfields@=\count298
\andhelp@=\toks24
\eqnshift@=\dimen164
\alignsep@=\dimen165
\tagshift@=\dimen166
\tagwidth@=\dimen167
\totwidth@=\dimen168
\lineht@=\dimen169
\@envbody=\toks25
\multlinegap=\skip55
\multlinetaggap=\skip56
\mathdisplay@stack=\toks26
LaTeX Info: Redefining \[ on input line 2859.
LaTeX Info: Redefining \] on input line 2860.
)
(/opt/texlive2020/texmf-dist/tex/latex/jknapltx/mathrsfs.sty
Package: mathrsfs 1996/01/01 Math RSFS package v1.0 (jk)
\symrsfs=\mathgroup4
)
(/opt/texlive2020/texmf-dist/tex/latex/amsfonts/amsfonts.sty
Package: amsfonts 2013/01/14 v3.01 Basic AMSFonts support
\symAMSa=\mathgroup5
\symAMSb=\mathgroup6
LaTeX Font Info:    Redeclaring math symbol \hbar on input line 98.
LaTeX Font Info:    Overwriting math alphabet `\mathfrak' in version `bold'
(Font)                  U/euf/m/n --> U/euf/b/n on input line 106.
)
(/opt/texlive2020/texmf-dist/tex/latex/amsfonts/amssymb.sty
Package: amssymb 2013/01/14 v3.01 AMS font symbols
)
(/opt/texlive2020/texmf-dist/tex/latex/booktabs/booktabs.sty
Package: booktabs 2020/01/12 v1.61803398 Publication quality tables
\heavyrulewidth=\dimen170
\lightrulewidth=\dimen171
\cmidrulewidth=\dimen172
\belowrulesep=\dimen173
\belowbottomsep=\dimen174
\aboverulesep=\dimen175
\abovetopsep=\dimen176
\cmidrulesep=\dimen177
\cmidrulekern=\dimen178
\defaultaddspace=\dimen179
\@cmidla=\count299
\@cmidlb=\count300
\@aboverulesep=\dimen180
\@belowrulesep=\dimen181
\@thisruleclass=\count301
\@lastruleclass=\count302
\@thisrulewidth=\dimen182
)
(/opt/texlive2020/texmf-dist/tex/latex/tools/multicol.sty
Package: multicol 2019/12/09 v1.8y multicolumn formatting (FMi)
\c@tracingmulticols=\count303
\mult@box=\box53
\multicol@leftmargin=\dimen183
\c@unbalance=\count304
\c@collectmore=\count305
\doublecol@number=\count306
\multicoltolerance=\count307
\multicolpretolerance=\count308
\full@width=\dimen184
\page@free=\dimen185
\premulticols=\dimen186
\postmulticols=\dimen187
\multicolsep=\skip57
\multicolbaselineskip=\skip58
\partial@page=\box54
\last@line=\box55
\maxbalancingoverflow=\dimen188
\mult@rightbox=\box56
\mult@grightbox=\box57
\mult@gfirstbox=\box58
\mult@firstbox=\box59
\@tempa=\box60
\@tempa=\box61
\@tempa=\box62
\@tempa=\box63
\@tempa=\box64
\@tempa=\box65
\@tempa=\box66
\@tempa=\box67
\@tempa=\box68
\@tempa=\box69
\@tempa=\box70
\@tempa=\box71
\@tempa=\box72
\@tempa=\box73
\@tempa=\box74
\@tempa=\box75
\@tempa=\box76
\@tempa=\box77
\@tempa=\box78
\@tempa=\box79
\@tempa=\box80
\@tempa=\box81
\@tempa=\box82
\@tempa=\box83
\@tempa=\box84
\@tempa=\box85
\@tempa=\box86
\@tempa=\box87
\@tempa=\box88
\@tempa=\box89
\@tempa=\box90
\@tempa=\box91
\@tempa=\box92
\@tempa=\box93
\@tempa=\box94
\@tempa=\box95
\@tempa=\box96
\c@minrows=\count309
\c@columnbadness=\count310
\c@finalcolumnbadness=\count311
\last@try=\dimen189
\multicolovershoot=\dimen190
\multicolundershoot=\dimen191
\mult@nat@firstbox=\box97
\colbreak@box=\box98
\mc@col@check@num=\count312
)
(/opt/texlive2020/texmf-dist/tex/latex/multirow/multirow.sty
Package: multirow 2019/05/31 v2.5 Span multiple rows of a table
\multirow@colwidth=\skip59
\multirow@cntb=\count313
\multirow@dima=\skip60
\bigstrutjot=\dimen192
)
(/opt/texlive2020/texmf-dist/tex/latex/fancyvrb/fancyvrb.sty
Package: fancyvrb 2020/01/13 v3.5 verbatim text (tvz,hv)
\FV@CodeLineNo=\count314
\FV@InFile=\read2
\FV@TabBox=\box99
\c@FancyVerbLine=\count315
\FV@StepNumber=\count316
\FV@OutFile=\write4
)
(/opt/texlive2020/texmf-dist/tex/latex/makecell/makecell.sty
Package: makecell 2009/08/03 V0.1e Managing of Tab Column Heads and Cells

(/opt/texlive2020/texmf-dist/tex/latex/tools/array.sty
Package: array 2019/08/31 v2.4l Tabular extension package (FMi)
\col@sep=\dimen193
\ar@mcellbox=\box100
\extrarowheight=\dimen194
\NC@list=\toks27
\extratabsurround=\skip61
\backup@length=\skip62
\ar@cellbox=\box101
)
\rotheadsize=\dimen195
\c@nlinenum=\count317
\TeXr@lab=\toks28
)
(/opt/texlive2020/texmf-dist/tex/generic/hologo/hologo.sty
Package: hologo 2019/12/05 v1.14 A logo collection with bookmark support (HO)
)
(/opt/texlive2020/texmf-dist/tex/latex/tools/longtable.sty
Package: longtable 2020/01/07 v4.13 Multi-page Table package (DPC)
\LTleft=\skip63
\LTright=\skip64
\LTpre=\skip65
\LTpost=\skip66
\LTchunksize=\count318
\LTcapwidth=\dimen196
\LT@head=\box102
\LT@firsthead=\box103
\LT@foot=\box104
\LT@lastfoot=\box105
\LT@cols=\count319
\LT@rows=\count320
\c@LT@tables=\count321
\c@LT@chunks=\count322
\LT@p@ftn=\toks29
)
(/opt/texlive2020/texmf-dist/tex/latex/mdwtools/footnote.sty
Package: footnote 1997/01/28 1.13 Save footnotes around boxes
\fn@notes=\box106
\fn@width=\dimen197
)
(/opt/texlive2020/texmf-dist/tex/latex/xpatch/xpatch.sty
Package: xpatch 2020/03/25 v0.3a Extending etoolbox patching commands
)
(/opt/texlive2020/texmf-dist/tex/latex/pgf/frontendlayer/tikz.sty
(/opt/texlive2020/texmf-dist/tex/latex/pgf/basiclayer/pgf.sty
(/opt/texlive2020/texmf-dist/tex/latex/pgf/utilities/pgfrcs.sty
(/opt/texlive2020/texmf-dist/tex/generic/pgf/utilities/pgfutil-common.tex
\pgfutil@everybye=\toks30
\pgfutil@tempdima=\dimen198
\pgfutil@tempdimb=\dimen199

(/opt/texlive2020/texmf-dist/tex/generic/pgf/utilities/pgfutil-common-lists.tex
)) (/opt/texlive2020/texmf-dist/tex/generic/pgf/utilities/pgfutil-latex.def
\pgfutil@abb=\box107

(/opt/texlive2020/texmf-dist/tex/latex/ms/everyshi.sty
Package: everyshi 2001/05/15 v3.00 EveryShipout Package (MS)
))
(/opt/texlive2020/texmf-dist/tex/generic/pgf/utilities/pgfrcs.code.tex
(/opt/texlive2020/texmf-dist/tex/generic/pgf/pgf.revision.tex)
Package: pgfrcs 2020/01/08 v3.1.5b (3.1.5b)
))
Package: pgf 2020/01/08 v3.1.5b (3.1.5b)

(/opt/texlive2020/texmf-dist/tex/latex/pgf/basiclayer/pgfcore.sty
(/opt/texlive2020/texmf-dist/tex/latex/pgf/systemlayer/pgfsys.sty
(/opt/texlive2020/texmf-dist/tex/generic/pgf/systemlayer/pgfsys.code.tex
Package: pgfsys 2020/01/08 v3.1.5b (3.1.5b)

(/opt/texlive2020/texmf-dist/tex/generic/pgf/utilities/pgfkeys.code.tex
\pgfkeys@pathtoks=\toks31
\pgfkeys@temptoks=\toks32

(/opt/texlive2020/texmf-dist/tex/generic/pgf/utilities/pgfkeysfiltered.code.tex
\pgfkeys@tmptoks=\toks33
))
\pgf@x=\dimen256
\pgf@y=\dimen257
\pgf@xa=\dimen258
\pgf@ya=\dimen259
\pgf@xb=\dimen260
\pgf@yb=\dimen261
\pgf@xc=\dimen262
\pgf@yc=\dimen263
\pgf@xd=\dimen264
\pgf@yd=\dimen265
\w@pgf@writea=\write5
\r@pgf@reada=\read3
\c@pgf@counta=\count323
\c@pgf@countb=\count324
\c@pgf@countc=\count325
\c@pgf@countd=\count326
\t@pgf@toka=\toks34
\t@pgf@tokb=\toks35
\t@pgf@tokc=\toks36
\pgf@sys@id@count=\count327
 (/opt/texlive2020/texmf-dist/tex/generic/pgf/systemlayer/pgf.cfg
File: pgf.cfg 2020/01/08 v3.1.5b (3.1.5b)
)
Driver file for pgf: pgfsys-xetex.def

(/opt/texlive2020/texmf-dist/tex/generic/pgf/systemlayer/pgfsys-xetex.def
File: pgfsys-xetex.def 2020/01/08 v3.1.5b (3.1.5b)

(/opt/texlive2020/texmf-dist/tex/generic/pgf/systemlayer/pgfsys-dvipdfmx.def
File: pgfsys-dvipdfmx.def 2020/01/08 v3.1.5b (3.1.5b)

(/opt/texlive2020/texmf-dist/tex/generic/pgf/systemlayer/pgfsys-common-pdf.def
File: pgfsys-common-pdf.def 2020/01/08 v3.1.5b (3.1.5b)
)
\pgfsys@objnum=\count328
)))
(/opt/texlive2020/texmf-dist/tex/generic/pgf/systemlayer/pgfsyssoftpath.code.te
x
File: pgfsyssoftpath.code.tex 2020/01/08 v3.1.5b (3.1.5b)
\pgfsyssoftpath@smallbuffer@items=\count329
\pgfsyssoftpath@bigbuffer@items=\count330
)
(/opt/texlive2020/texmf-dist/tex/generic/pgf/systemlayer/pgfsysprotocol.code.te
x
File: pgfsysprotocol.code.tex 2020/01/08 v3.1.5b (3.1.5b)
)) (/opt/texlive2020/texmf-dist/tex/generic/pgf/basiclayer/pgfcore.code.tex
Package: pgfcore 2020/01/08 v3.1.5b (3.1.5b)

(/opt/texlive2020/texmf-dist/tex/generic/pgf/math/pgfmath.code.tex
(/opt/texlive2020/texmf-dist/tex/generic/pgf/math/pgfmathcalc.code.tex
(/opt/texlive2020/texmf-dist/tex/generic/pgf/math/pgfmathutil.code.tex)
(/opt/texlive2020/texmf-dist/tex/generic/pgf/math/pgfmathparser.code.tex
\pgfmath@dimen=\dimen266
\pgfmath@count=\count331
\pgfmath@box=\box108
\pgfmath@toks=\toks37
\pgfmath@stack@operand=\toks38
\pgfmath@stack@operation=\toks39
)
(/opt/texlive2020/texmf-dist/tex/generic/pgf/math/pgfmathfunctions.code.tex
(/opt/texlive2020/texmf-dist/tex/generic/pgf/math/pgfmathfunctions.basic.code.t
ex)
(/opt/texlive2020/texmf-dist/tex/generic/pgf/math/pgfmathfunctions.trigonometri
c.code.tex)
(/opt/texlive2020/texmf-dist/tex/generic/pgf/math/pgfmathfunctions.random.code.
tex)
(/opt/texlive2020/texmf-dist/tex/generic/pgf/math/pgfmathfunctions.comparison.c
ode.tex)
(/opt/texlive2020/texmf-dist/tex/generic/pgf/math/pgfmathfunctions.base.code.te
x)
(/opt/texlive2020/texmf-dist/tex/generic/pgf/math/pgfmathfunctions.round.code.t
ex)
(/opt/texlive2020/texmf-dist/tex/generic/pgf/math/pgfmathfunctions.misc.code.te
x)
(/opt/texlive2020/texmf-dist/tex/generic/pgf/math/pgfmathfunctions.integerarith
metics.code.tex)))
(/opt/texlive2020/texmf-dist/tex/generic/pgf/math/pgfmathfloat.code.tex
\c@pgfmathroundto@lastzeros=\count332
))
(/opt/texlive2020/texmf-dist/tex/generic/pgf/math/pgfint.code.tex)
(/opt/texlive2020/texmf-dist/tex/generic/pgf/basiclayer/pgfcorepoints.code.tex
File: pgfcorepoints.code.tex 2020/01/08 v3.1.5b (3.1.5b)
\pgf@picminx=\dimen267
\pgf@picmaxx=\dimen268
\pgf@picminy=\dimen269
\pgf@picmaxy=\dimen270
\pgf@pathminx=\dimen271
\pgf@pathmaxx=\dimen272
\pgf@pathminy=\dimen273
\pgf@pathmaxy=\dimen274
\pgf@xx=\dimen275
\pgf@xy=\dimen276
\pgf@yx=\dimen277
\pgf@yy=\dimen278
\pgf@zx=\dimen279
\pgf@zy=\dimen280
)
(/opt/texlive2020/texmf-dist/tex/generic/pgf/basiclayer/pgfcorepathconstruct.co
de.tex
File: pgfcorepathconstruct.code.tex 2020/01/08 v3.1.5b (3.1.5b)
\pgf@path@lastx=\dimen281
\pgf@path@lasty=\dimen282
)
(/opt/texlive2020/texmf-dist/tex/generic/pgf/basiclayer/pgfcorepathusage.code.t
ex
File: pgfcorepathusage.code.tex 2020/01/08 v3.1.5b (3.1.5b)
\pgf@shorten@end@additional=\dimen283
\pgf@shorten@start@additional=\dimen284
)
(/opt/texlive2020/texmf-dist/tex/generic/pgf/basiclayer/pgfcorescopes.code.tex
File: pgfcorescopes.code.tex 2020/01/08 v3.1.5b (3.1.5b)
\pgfpic=\box109
\pgf@hbox=\box110
\pgf@layerbox@main=\box111
\pgf@picture@serial@count=\count333
)
(/opt/texlive2020/texmf-dist/tex/generic/pgf/basiclayer/pgfcoregraphicstate.cod
e.tex
File: pgfcoregraphicstate.code.tex 2020/01/08 v3.1.5b (3.1.5b)
\pgflinewidth=\dimen285
)
(/opt/texlive2020/texmf-dist/tex/generic/pgf/basiclayer/pgfcoretransformations.
code.tex
File: pgfcoretransformations.code.tex 2020/01/08 v3.1.5b (3.1.5b)
\pgf@pt@x=\dimen286
\pgf@pt@y=\dimen287
\pgf@pt@temp=\dimen288
)
(/opt/texlive2020/texmf-dist/tex/generic/pgf/basiclayer/pgfcorequick.code.tex
File: pgfcorequick.code.tex 2020/01/08 v3.1.5b (3.1.5b)
)
(/opt/texlive2020/texmf-dist/tex/generic/pgf/basiclayer/pgfcoreobjects.code.tex
File: pgfcoreobjects.code.tex 2020/01/08 v3.1.5b (3.1.5b)
)
(/opt/texlive2020/texmf-dist/tex/generic/pgf/basiclayer/pgfcorepathprocessing.c
ode.tex
File: pgfcorepathprocessing.code.tex 2020/01/08 v3.1.5b (3.1.5b)
)
(/opt/texlive2020/texmf-dist/tex/generic/pgf/basiclayer/pgfcorearrows.code.tex
File: pgfcorearrows.code.tex 2020/01/08 v3.1.5b (3.1.5b)
\pgfarrowsep=\dimen289
) (/opt/texlive2020/texmf-dist/tex/generic/pgf/basiclayer/pgfcoreshade.code.tex
File: pgfcoreshade.code.tex 2020/01/08 v3.1.5b (3.1.5b)
\pgf@max=\dimen290
\pgf@sys@shading@range@num=\count334
\pgf@shadingcount=\count335
) (/opt/texlive2020/texmf-dist/tex/generic/pgf/basiclayer/pgfcoreimage.code.tex
File: pgfcoreimage.code.tex 2020/01/08 v3.1.5b (3.1.5b)

(/opt/texlive2020/texmf-dist/tex/generic/pgf/basiclayer/pgfcoreexternal.code.te
x
File: pgfcoreexternal.code.tex 2020/01/08 v3.1.5b (3.1.5b)
\pgfexternal@startupbox=\box112
))
(/opt/texlive2020/texmf-dist/tex/generic/pgf/basiclayer/pgfcorelayers.code.tex
File: pgfcorelayers.code.tex 2020/01/08 v3.1.5b (3.1.5b)
)
(/opt/texlive2020/texmf-dist/tex/generic/pgf/basiclayer/pgfcoretransparency.cod
e.tex
File: pgfcoretransparency.code.tex 2020/01/08 v3.1.5b (3.1.5b)
)
(/opt/texlive2020/texmf-dist/tex/generic/pgf/basiclayer/pgfcorepatterns.code.te
x
File: pgfcorepatterns.code.tex 2020/01/08 v3.1.5b (3.1.5b)
) (/opt/texlive2020/texmf-dist/tex/generic/pgf/basiclayer/pgfcorerdf.code.tex
File: pgfcorerdf.code.tex 2020/01/08 v3.1.5b (3.1.5b)
)))
(/opt/texlive2020/texmf-dist/tex/generic/pgf/modules/pgfmoduleshapes.code.tex
File: pgfmoduleshapes.code.tex 2020/01/08 v3.1.5b (3.1.5b)
\pgfnodeparttextbox=\box113
)
(/opt/texlive2020/texmf-dist/tex/generic/pgf/modules/pgfmoduleplot.code.tex
File: pgfmoduleplot.code.tex 2020/01/08 v3.1.5b (3.1.5b)
)
(/opt/texlive2020/texmf-dist/tex/latex/pgf/compatibility/pgfcomp-version-0-65.s
ty
Package: pgfcomp-version-0-65 2020/01/08 v3.1.5b (3.1.5b)
\pgf@nodesepstart=\dimen291
\pgf@nodesepend=\dimen292
)
(/opt/texlive2020/texmf-dist/tex/latex/pgf/compatibility/pgfcomp-version-1-18.s
ty
Package: pgfcomp-version-1-18 2020/01/08 v3.1.5b (3.1.5b)
)) (/opt/texlive2020/texmf-dist/tex/latex/pgf/utilities/pgffor.sty
(/opt/texlive2020/texmf-dist/tex/latex/pgf/utilities/pgfkeys.sty
(/opt/texlive2020/texmf-dist/tex/generic/pgf/utilities/pgfkeys.code.tex))
(/opt/texlive2020/texmf-dist/tex/latex/pgf/math/pgfmath.sty
(/opt/texlive2020/texmf-dist/tex/generic/pgf/math/pgfmath.code.tex))
(/opt/texlive2020/texmf-dist/tex/generic/pgf/utilities/pgffor.code.tex
Package: pgffor 2020/01/08 v3.1.5b (3.1.5b)

(/opt/texlive2020/texmf-dist/tex/generic/pgf/math/pgfmath.code.tex)
\pgffor@iter=\dimen293
\pgffor@skip=\dimen294
\pgffor@stack=\toks40
\pgffor@toks=\toks41
))
(/opt/texlive2020/texmf-dist/tex/generic/pgf/frontendlayer/tikz/tikz.code.tex
Package: tikz 2020/01/08 v3.1.5b (3.1.5b)

(/opt/texlive2020/texmf-dist/tex/generic/pgf/libraries/pgflibraryplothandlers.c
ode.tex
File: pgflibraryplothandlers.code.tex 2020/01/08 v3.1.5b (3.1.5b)
\pgf@plot@mark@count=\count336
\pgfplotmarksize=\dimen295
)
\tikz@lastx=\dimen296
\tikz@lasty=\dimen297
\tikz@lastxsaved=\dimen298
\tikz@lastysaved=\dimen299
\tikz@lastmovetox=\dimen300
\tikz@lastmovetoy=\dimen301
\tikzleveldistance=\dimen302
\tikzsiblingdistance=\dimen303
\tikz@figbox=\box114
\tikz@figbox@bg=\box115
\tikz@tempbox=\box116
\tikz@tempbox@bg=\box117
\tikztreelevel=\count337
\tikznumberofchildren=\count338
\tikznumberofcurrentchild=\count339
\tikz@fig@count=\count340

(/opt/texlive2020/texmf-dist/tex/generic/pgf/modules/pgfmodulematrix.code.tex
File: pgfmodulematrix.code.tex 2020/01/08 v3.1.5b (3.1.5b)
\pgfmatrixcurrentrow=\count341
\pgfmatrixcurrentcolumn=\count342
\pgf@matrix@numberofcolumns=\count343
)
\tikz@expandcount=\count344

(/opt/texlive2020/texmf-dist/tex/generic/pgf/frontendlayer/tikz/libraries/tikzl
ibrarytopaths.code.tex
File: tikzlibrarytopaths.code.tex 2020/01/08 v3.1.5b (3.1.5b)
)))
(/opt/texlive2020/texmf-dist/tex/generic/pgf/frontendlayer/tikz/libraries/tikzl
ibrarybackgrounds.code.tex
File: tikzlibrarybackgrounds.code.tex 2020/01/08 v3.1.5b (3.1.5b)
\pgf@layerbox@background=\box118
\pgf@layerboxsaved@background=\box119
)
(/opt/texlive2020/texmf-dist/tex/generic/pgf/frontendlayer/tikz/libraries/tikzl
ibrarycalc.code.tex
File: tikzlibrarycalc.code.tex 2020/01/08 v3.1.5b (3.1.5b)
)
(/opt/texlive2020/texmf-dist/tex/generic/pgf/frontendlayer/tikz/libraries/tikzl
ibraryshadows.code.tex
File: tikzlibraryshadows.code.tex 2020/01/08 v3.1.5b (3.1.5b)

(/opt/texlive2020/texmf-dist/tex/generic/pgf/frontendlayer/tikz/libraries/tikzl
ibraryfadings.code.tex
File: tikzlibraryfadings.code.tex 2020/01/08 v3.1.5b (3.1.5b)

(/opt/texlive2020/texmf-dist/tex/generic/pgf/libraries/pgflibraryfadings.code.t
ex
File: pgflibraryfadings.code.tex 2020/01/08 v3.1.5b (3.1.5b)
))) (/opt/texlive2020/texmf-dist/tex/latex/titlesec/titlesec.sty
Package: titlesec 2019/10/16 v2.13 Sectioning titles
\ttl@box=\box120
\beforetitleunit=\skip67
\aftertitleunit=\skip68
\ttl@plus=\dimen304
\ttl@minus=\dimen305
\ttl@toksa=\toks42
\titlewidth=\dimen306
\titlewidthlast=\dimen307
\titlewidthfirst=\dimen308

(/opt/texlive2020/texmf-dist/tex/latex/titlesec/titleps.sty))
(/opt/texlive2020/texmf-dist/tex/latex/apptools/apptools.sty
Package: apptools 2012/11/28 v1.0 Tools for customizing appendices
)
(/opt/texlive2020/texmf-dist/tex/latex/appendix/appendix.sty
Package: appendix 2020/02/08 v1.2c extra appendix facilities
\c@@pps=\count345
\c@@ppsavesec=\count346
\c@@ppsaveapp=\count347
)
(/opt/texlive2020/texmf-dist/tex/latex/psnfss/pifont.sty
Package: pifont 2005/04/12 PSNFSS-v9.2a Pi font support (SPQR) 
LaTeX Font Info:    Trying to load font information for U+pzd on input line 63.


(/opt/texlive2020/texmf-dist/tex/latex/psnfss/upzd.fd
File: upzd.fd 2001/06/04 font definitions for U/pzd.
)
LaTeX Font Info:    Trying to load font information for U+psy on input line 64.


(/opt/texlive2020/texmf-dist/tex/latex/psnfss/upsy.fd
File: upsy.fd 2001/06/04 font definitions for U/psy.
))
(/opt/texlive2020/texmf-dist/tex/latex/manfnt/manfnt.sty
Package: manfnt 1999/07/010.2LaTeX2e manfnt package
\dbend@height=\skip69
)
(/opt/texlive2020/texmf-dist/tex/latex/bbding/bbding.sty
Package: bbding 1999/04/15 v1.01 Dingbats symbols
)
(/opt/texlive2020/texmf-dist/tex/latex/tcolorbox/tcolorbox.sty
Package: tcolorbox 2019/11/15 version 4.22 text color boxes

(/opt/texlive2020/texmf-dist/tex/latex/tools/verbatim.sty
Package: verbatim 2019/11/10 v1.5r LaTeX2e package for verbatim enhancements
\every@verbatim=\toks43
\verbatim@line=\toks44
\verbatim@in@stream=\read4
)
(/opt/texlive2020/texmf-dist/tex/latex/environ/environ.sty
Package: environ 2014/05/04 v0.3 A new way to define environments

(/opt/texlive2020/texmf-dist/tex/latex/trimspaces/trimspaces.sty
Package: trimspaces 2009/09/17 v1.1 Trim spaces around a token list
))
\tcb@titlebox=\box121
\tcb@upperbox=\box122
\tcb@lowerbox=\box123
\tcb@phantombox=\box124
\c@tcbbreakpart=\count348
\c@tcblayer=\count349
\tcolorbox@number=\count350
\tcb@temp=\box125
\tcb@temp=\box126
\tcb@temp=\box127
\tcb@temp=\box128
\tcb@out=\write6
\tcb@record@out=\write7

(/opt/texlive2020/texmf-dist/tex/latex/tcolorbox/tcbraster.code.tex
Library (tcolorbox): 'tcbraster.code.tex' version '4.22'
\c@tcbrastercolumn=\count351
\c@tcbrasterrow=\count352
\c@tcbraster=\count353
) (/opt/texlive2020/texmf-dist/tex/latex/tcolorbox/tcbskins.code.tex
Library (tcolorbox): 'tcbskins.code.tex' version '4.22'
\tcb@waterbox=\box129
(/opt/texlive2020/texmf-dist/tex/latex/tcolorbox/tcbskinsjigsaw.code.tex
Library (tcolorbox): 'tcbskinsjigsaw.code.tex' version '4.22'
)) (/opt/texlive2020/texmf-dist/tex/latex/tcolorbox/tcbbreakable.code.tex
Library (tcolorbox): 'tcbbreakable.code.tex' version '4.22'
\tcb@testbox=\box130
\tcb@totalupperbox=\box131
\tcb@totallowerbox=\box132
) (/opt/texlive2020/texmf-dist/tex/latex/tcolorbox/tcbhooks.code.tex
Library (tcolorbox): 'tcbhooks.code.tex' version '4.22'
) (/opt/texlive2020/texmf-dist/tex/latex/tcolorbox/tcbtheorems.code.tex
Library (tcolorbox): 'tcbtheorems.code.tex' version '4.22'
) (/opt/texlive2020/texmf-dist/tex/latex/tcolorbox/tcbfitting.code.tex
Library (tcolorbox): 'tcbfitting.code.tex' version '4.22'
\tcbfitdim=\dimen309
\tcb@lowerfitdim=\dimen310
\tcb@upperfitdim=\dimen311
\tcb@cur@hbadness=\count354
) (/opt/texlive2020/texmf-dist/tex/latex/tcolorbox/tcbxparse.code.tex
Library (tcolorbox): 'tcbxparse.code.tex' version '4.22'
)) (/opt/texlive2020/texmf-dist/tex/latex/amscls/amsthm.sty
Package: amsthm 2017/10/31 v2.20.4
\thm@style=\toks45
\thm@bodyfont=\toks46
\thm@headfont=\toks47
\thm@notefont=\toks48
\thm@headpunct=\toks49
\thm@preskip=\skip70
\thm@postskip=\skip71
\thm@headsep=\skip72
\dth@everypar=\toks50
)
\c@definition=\count355
\c@theorem=\count356
\c@lemma=\count357
\c@corollary=\count358
\c@postulate=\count359
\c@axiom=\count360
\c@proposition=\count361
\c@exam=\count362
\c@exer=\count363
\c@prob=\count364

(/opt/texlive2020/texmf-dist/tex/latex/adforn/adforn.sty
Package: adforn 2019/10/13 v1.1b adforn CFR
LaTeX Font Info:    Trying to load font information for U+OrnementsADF on input
 line 4.

(/opt/texlive2020/texmf-dist/tex/latex/adforn/uornementsadf.fd))
(/opt/texlive2020/texmf-dist/tex/latex/fancyhdr/fancyhdr.sty
Package: fancyhdr 2019/01/31 v3.10 Extensive control of page headers and footer
s
\f@nch@headwidth=\skip73
\f@nch@O@elh=\skip74
\f@nch@O@erh=\skip75
\f@nch@O@olh=\skip76
\f@nch@O@orh=\skip77
\f@nch@O@elf=\skip78
\f@nch@O@erf=\skip79
\f@nch@O@olf=\skip80
\f@nch@O@orf=\skip81
)
(/opt/texlive2020/texmf-dist/tex/latex/listings/listings.sty
\lst@mode=\count365
\lst@gtempboxa=\box133
\lst@token=\toks51
\lst@length=\count366
\lst@currlwidth=\dimen312
\lst@column=\count367
\lst@pos=\count368
\lst@lostspace=\dimen313
\lst@width=\dimen314
\lst@newlines=\count369
\lst@lineno=\count370
\lst@maxwidth=\dimen315

(/opt/texlive2020/texmf-dist/tex/latex/listings/lstmisc.sty
File: lstmisc.sty 2020/03/24 1.8d (Carsten Heinz)
\c@lstnumber=\count371
\lst@skipnumbers=\count372
\lst@framebox=\box134
)
(/opt/texlive2020/texmf-dist/tex/latex/listings/listings.cfg
File: listings.cfg 2020/03/24 1.8d listings configuration
))
Package: listings 2020/03/24 1.8d (Carsten Heinz)

(/opt/texlive2020/texmf-dist/tex/latex/listings/lstlang1.sty
File: lstlang1.sty 2020/03/24 1.8d listings language file
)
(/opt/texlive2020/texmf-dist/tex/latex/listings/lstlang2.sty
File: lstlang2.sty 2020/03/24 1.8d listings language file
)
(/opt/texlive2020/texmf-dist/tex/latex/listings/lstlang3.sty
File: lstlang3.sty 2020/03/24 1.8d listings language file
)
(/opt/texlive2020/texmf-dist/tex/latex/listings/lstlang1.sty
File: lstlang1.sty 2020/03/24 1.8d listings language file
)
(/opt/texlive2020/texmf-dist/tex/latex/listings/lstlang2.sty
File: lstlang2.sty 2020/03/24 1.8d listings language file
)
(/opt/texlive2020/texmf-dist/tex/latex/listings/lstlang3.sty
File: lstlang3.sty 2020/03/24 1.8d listings language file
)
(/opt/texlive2020/texmf-dist/tex/latex/listings/lstlang1.sty
File: lstlang1.sty 2020/03/24 1.8d listings language file
)
(/opt/texlive2020/texmf-dist/tex/latex/listings/lstlang2.sty
File: lstlang2.sty 2020/03/24 1.8d listings language file
)
(/opt/texlive2020/texmf-dist/tex/latex/listings/lstlang3.sty
File: lstlang3.sty 2020/03/24 1.8d listings language file
)
(/opt/texlive2020/texmf-dist/tex/latex/listings/lstmisc.sty
File: lstmisc.sty 2020/03/24 1.8d (Carsten Heinz)
)
(/opt/texlive2020/texmf-dist/tex/latex/tools/bm.sty
Package: bm 2019/07/24 v1.2d Bold Symbol Support (DPC/FMi)
LaTeX Info: Redefining \bm on input line 209.
)) (./needed.tex)
(/opt/texlive2020/texmf-dist/tex/latex/pdfpages/pdfpages.sty
Package: pdfpages 2020/01/28 v0.5q Insert pages of external PDF documents (AM)

(/opt/texlive2020/texmf-dist/tex/latex/base/ifthen.sty
Package: ifthen 2014/09/29 v1.1c Standard LaTeX ifthen package (DPC)
)
(/opt/texlive2020/texmf-dist/tex/latex/tools/calc.sty
Package: calc 2017/05/25 v4.3 Infix arithmetic (KKT,FJ)
\calc@Acount=\count373
\calc@Bcount=\count374
\calc@Adimen=\dimen316
\calc@Bdimen=\dimen317
\calc@Askip=\skip82
\calc@Bskip=\skip83
LaTeX Info: Redefining \setlength on input line 80.
LaTeX Info: Redefining \addtolength on input line 81.
\calc@Ccount=\count375
\calc@Cskip=\skip84
)
(/opt/texlive2020/texmf-dist/tex/latex/eso-pic/eso-pic.sty
Package: eso-pic 2018/04/12 v2.0h eso-pic (RN)
)
\AM@pagewidth=\dimen318
\AM@pageheight=\dimen319

(/opt/texlive2020/texmf-dist/tex/latex/pdfpages/ppxetex.def
File: ppxetex.def 2020/01/28 v0.5q Pdfpages driver for XeTeX (AM)
)
\AM@pagebox=\box135
\AM@global@opts=\toks52
\AM@pagecnt=\count376
\AM@toc@title=\toks53
\c@AM@survey=\count377
\AM@templatesizebox=\box136
)
(./elegantbook-cn.aux)
\openout1 = `elegantbook-cn.aux'.

LaTeX Font Info:    Checking defaults for OML/cmm/m/it on input line 24.
LaTeX Font Info:    ... okay on input line 24.
LaTeX Font Info:    Checking defaults for OMS/cmsy/m/n on input line 24.
LaTeX Font Info:    ... okay on input line 24.
LaTeX Font Info:    Checking defaults for OT1/cmr/m/n on input line 24.
LaTeX Font Info:    ... okay on input line 24.
LaTeX Font Info:    Checking defaults for T1/cmr/m/n on input line 24.
LaTeX Font Info:    ... okay on input line 24.
LaTeX Font Info:    Checking defaults for TS1/cmr/m/n on input line 24.
LaTeX Font Info:    Trying to load font information for TS1+cmr on input line 2
4.
 (/opt/texlive2020/texmf-dist/tex/latex/base/ts1cmr.fd
File: ts1cmr.fd 2019/12/16 v2.5j Standard LaTeX font definitions
)
LaTeX Font Info:    ... okay on input line 24.
LaTeX Font Info:    Checking defaults for TU/lmr/m/n on input line 24.
LaTeX Font Info:    ... okay on input line 24.
LaTeX Font Info:    Checking defaults for OMX/cmex/m/n on input line 24.
LaTeX Font Info:    ... okay on input line 24.
LaTeX Font Info:    Checking defaults for U/cmr/m/n on input line 24.
LaTeX Font Info:    ... okay on input line 24.
LaTeX Font Info:    Checking defaults for PD1/pdf/m/n on input line 24.
LaTeX Font Info:    ... okay on input line 24.
LaTeX Font Info:    Checking defaults for PU/pdf/m/n on input line 24.
LaTeX Font Info:    ... okay on input line 24.
\AtBeginShipoutBox=\box137
Package hyperref Info: Link coloring ON on input line 24.

(/opt/texlive2020/texmf-dist/tex/latex/hyperref/nameref.sty
Package: nameref 2019/09/16 v2.46 Cross-referencing by name of section

(/opt/texlive2020/texmf-dist/tex/latex/refcount/refcount.sty
Package: refcount 2019/12/15 v3.6 Data extraction from label references (HO)
)
(/opt/texlive2020/texmf-dist/tex/generic/gettitlestring/gettitlestring.sty
Package: gettitlestring 2019/12/15 v1.6 Cleanup title references (HO)
)
\c@section@level=\count378
)
LaTeX Info: Redefining \ref on input line 24.
LaTeX Info: Redefining \pageref on input line 24.
LaTeX Info: Redefining \nameref on input line 24.

(./elegantbook-cn.out) (./elegantbook-cn.out)
\@outlinefile=\write8
\openout8 = `elegantbook-cn.out'.


*geometry* driver: auto-detecting
*geometry* detected driver: xetex
*geometry* verbose mode - [ preamble ] result:
* driver: xetex
* paper: custom
* layout: <same size as paper>
* layoutoffset:(h,v)=(0.0pt,0.0pt)
* modes: landscape 
* h-part:(L,W,R)=(45.5244pt, 631.6512pt, 45.5244pt)
* v-part:(T,H,B)=(45.5244pt, 450.9762pt, 45.5244pt)
* \paperwidth=722.7pt
* \paperheight=542.025pt
* \textwidth=631.6512pt
* \textheight=450.9762pt
* \oddsidemargin=-26.74559pt
* \evensidemargin=-26.74559pt
* \topmargin=-108.3618pt
* \headheight=61.74242pt
* \headsep=19.8738pt
* \topskip=11.0pt
* \footskip=11.38109pt
* \marginparwidth=53.0pt
* \marginparsep=7.0pt
* \columnsep=10.0pt
* \skip\footins=10.0pt plus 4.0pt minus 2.0pt
* \hoffset=0.0pt
* \voffset=0.0pt
* \mag=1000
* \@twocolumnfalse
* \@twosidefalse
* \@mparswitchfalse
* \@reversemarginfalse
* (1in=72.27pt=25.4mm, 1cm=28.453pt)

\c@mv@tabular=\count379
\c@mv@boldtabular=\count380
Package caption Info: Begin \AtBeginDocument code.
Package caption Info: listings package is loaded.
Package caption Info: longtable package is loaded.
(/opt/texlive2020/texmf-dist/tex/latex/caption/ltcaption.sty
Package: ltcaption 2018/08/26 v1.4a longtable captions (AR)
)
Package caption Info: End \AtBeginDocument code.

(/opt/texlive2020/texmf-dist/tex/latex/footmisc/footmisc.sty
Package: footmisc 2011/06/06 v5.5b a miscellany of footnote facilities
\FN@temptoken=\toks54
\footnotemargin=\dimen320
\c@pp@next@reset=\count381
Package footmisc Info: Declaring symbol style bringhurst on input line 855.
Package footmisc Info: Declaring symbol style chicago on input line 863.
Package footmisc Info: Declaring symbol style wiley on input line 872.
Package footmisc Info: Declaring symbol style lamport-robust on input line 883.

Package footmisc Info: Declaring symbol style lamport* on input line 903.
Package footmisc Info: Declaring symbol style lamport*-robust on input line 924
.
)
ABD: EveryShipout initializing macros
\c@lstlisting=\count382

(/opt/texlive2020/texmf-dist/tex/latex/pdflscape/pdflscape.sty
Package: pdflscape 2019/12/05 v0.12 Display of landscape pages in PDF (HO)

(/opt/texlive2020/texmf-dist/tex/latex/graphics/lscape.sty
Package: lscape 2000/10/22 v3.01 Landscape Pages (DPC)
)
Package pdflscape Info: Auto-detected driver: dvipdfm (xetex) on input line 98.

)
Package hyperref Info: Option `pageanchor' set `false' on input line 26.
*geometry* verbose mode - [ newgeometry ] result:
* driver: xetex
* paper: custom
* layout: <same size as paper>
* layoutoffset:(h,v)=(0.0pt,0.0pt)
* modes: landscape 
* h-part:(L,W,R)=(0.0pt, 722.7pt, 0.0pt)
* v-part:(T,H,B)=(0.0pt, 542.025pt, 0.0pt)
* \paperwidth=722.7pt
* \paperheight=542.025pt
* \textwidth=722.7pt
* \textheight=542.025pt
* \oddsidemargin=-72.26999pt
* \evensidemargin=-72.26999pt
* \topmargin=-153.8862pt
* \headheight=61.74242pt
* \headsep=19.8738pt
* \topskip=11.0pt
* \footskip=11.38109pt
* \marginparwidth=53.0pt
* \marginparsep=7.0pt
* \columnsep=10.0pt
* \skip\footins=10.0pt plus 4.0pt minus 2.0pt
* \hoffset=0.0pt
* \voffset=0.0pt
* \mag=1000
* \@twocolumnfalse
* \@twosidefalse
* \@mparswitchfalse
* \@reversemarginfalse
* (1in=72.27pt=25.4mm, 1cm=28.453pt)

LaTeX Font Info:    Font shape `T1/ntxtlf/b/n' will be
(Font)              scaled to size 10.95pt on input line 26.
LaTeX Font Info:    Font shape `T1/ntxtlf/b/n' will be
(Font)              scaled to size 24.88pt on input line 26.
LaTeX Font Info:    Trying to load font information for U+rsfs on input line 26
.

(/opt/texlive2020/texmf-dist/tex/latex/jknapltx/ursfs.fd
File: ursfs.fd 1998/03/24 rsfs font definition file (jk)
)
LaTeX Font Info:    Trying to load font information for U+msa on input line 26.


(/opt/texlive2020/texmf-dist/tex/latex/amsfonts/umsa.fd
File: umsa.fd 2013/01/14 v3.01 AMS symbols A
)
LaTeX Font Info:    Trying to load font information for U+msb on input line 26.


(/opt/texlive2020/texmf-dist/tex/latex/amsfonts/umsb.fd
File: umsb.fd 2013/01/14 v3.01 AMS symbols B
)
LaTeX Font Info:    Font shape `T1/ntxtlf/b/n' will be
(Font)              scaled to size 14.4pt on input line 26.
LaTeX Font Info:    Font shape `T1/ntxtlf/m/it' will be
(Font)              scaled to size 10.95pt on input line 26.
Missing character: There is no — in font ntx-Italic-tlf-t1!
Missing character: There is no — in font ntx-Italic-tlf-t1!
 [1



]
LaTeX Font Info:    Font shape `T1/ntxtlf/b/n' will be
(Font)              scaled to size 17.28pt on input line 29.

(./elegantbook-cn.toc
LaTeX Font Info:    Font shape `T1/ntxtlf/m/n' will be
(Font)              scaled to size 12.0pt on input line 1.
LaTeX Font Info:    Font shape `T1/ntxtlf/b/n' will be
(Font)              scaled to size 12.0pt on input line 1.
)
\tf@toc=\write9
\openout9 = `elegantbook-cn.toc'.

 [1



]
LaTeX Font Info:    Font shape `T1/ntxtlf/m/n' will be
(Font)              scaled to size 20.74pt on input line 33.
LaTeX Font Info:    Font shape `T1/ntxtlf/b/n' will be
(Font)              scaled to size 20.74pt on input line 33.
 [1


]
Chapter 1 1.
File: chap/week1-1.pdf Graphic file (type pdf)
<use chap/week1-1.pdf>
File: chap/week1-1.pdf Graphic file (type pdf)
<use chap/week1-1.pdf>
File: chap/week1-1.pdf Graphic file (type pdf)
<use chap/week1-1.pdf, page 1>
File: chap/week1-1.pdf Graphic file (type pdf)
<use chap/week1-1.pdf, page 1>
[2

]
File: chap/week1-1.pdf Graphic file (type pdf)
<use chap/week1-1.pdf, page 1>
File: chap/week1-1.pdf Graphic file (type pdf)
<use chap/week1-1.pdf, page 1>
File: chap/week1-1.pdf Graphic file (type pdf)
<use chap/week1-1.pdf, page 1>
 [3]
File: chap/week1-1.pdf Graphic file (type pdf)
<use chap/week1-1.pdf, page 2>
File: chap/week1-1.pdf Graphic file (type pdf)
<use chap/week1-1.pdf, page 2>
File: chap/week1-1.pdf Graphic file (type pdf)
<use chap/week1-1.pdf, page 2>
 [4]
File: chap/week1-1.pdf Graphic file (type pdf)
<use chap/week1-1.pdf, page 3>
File: chap/week1-1.pdf Graphic file (type pdf)
<use chap/week1-1.pdf, page 3>
File: chap/week1-1.pdf Graphic file (type pdf)
<use chap/week1-1.pdf, page 3>
 [5]
File: chap/week1-1.pdf Graphic file (type pdf)
<use chap/week1-1.pdf, page 4>
File: chap/week1-1.pdf Graphic file (type pdf)
<use chap/week1-1.pdf, page 4>
File: chap/week1-1.pdf Graphic file (type pdf)
<use chap/week1-1.pdf, page 4>
 [6]
File: chap/week1-1.pdf Graphic file (type pdf)
<use chap/week1-1.pdf, page 5>
File: chap/week1-1.pdf Graphic file (type pdf)
<use chap/week1-1.pdf, page 5>
File: chap/week1-1.pdf Graphic file (type pdf)
<use chap/week1-1.pdf, page 5>
 [7]
File: chap/week1-1.pdf Graphic file (type pdf)
<use chap/week1-1.pdf, page 6>
File: chap/week1-1.pdf Graphic file (type pdf)
<use chap/week1-1.pdf, page 6>
File: chap/week1-1.pdf Graphic file (type pdf)
<use chap/week1-1.pdf, page 6>
 [8]
File: chap/week1-1.pdf Graphic file (type pdf)
<use chap/week1-1.pdf, page 7>
File: chap/week1-1.pdf Graphic file (type pdf)
<use chap/week1-1.pdf, page 7>
File: chap/week1-1.pdf Graphic file (type pdf)
<use chap/week1-1.pdf, page 7>
 [9]
File: chap/week1-1.pdf Graphic file (type pdf)
<use chap/week1-1.pdf, page 8>
File: chap/week1-1.pdf Graphic file (type pdf)
<use chap/week1-1.pdf, page 8>
File: chap/week1-1.pdf Graphic file (type pdf)
<use chap/week1-1.pdf, page 8>
 [10]
File: chap/week1-1.pdf Graphic file (type pdf)
<use chap/week1-1.pdf, page 9>
File: chap/week1-1.pdf Graphic file (type pdf)
<use chap/week1-1.pdf, page 9>
File: chap/week1-1.pdf Graphic file (type pdf)
<use chap/week1-1.pdf, page 9>
 [11]
File: chap/week1-1.pdf Graphic file (type pdf)
<use chap/week1-1.pdf, page 10>
File: chap/week1-1.pdf Graphic file (type pdf)
<use chap/week1-1.pdf, page 10>
File: chap/week1-1.pdf Graphic file (type pdf)
<use chap/week1-1.pdf, page 10>
 [12]
File: chap/week1-1.pdf Graphic file (type pdf)
<use chap/week1-1.pdf, page 11>
File: chap/week1-1.pdf Graphic file (type pdf)
<use chap/week1-1.pdf, page 11>
File: chap/week1-1.pdf Graphic file (type pdf)
<use chap/week1-1.pdf, page 11>
 [13]
File: chap/week1-1.pdf Graphic file (type pdf)
<use chap/week1-1.pdf, page 12>
File: chap/week1-1.pdf Graphic file (type pdf)
<use chap/week1-1.pdf, page 12>
File: chap/week1-1.pdf Graphic file (type pdf)
<use chap/week1-1.pdf, page 12>
 [14]
File: chap/week1-1.pdf Graphic file (type pdf)
<use chap/week1-1.pdf, page 13>
File: chap/week1-1.pdf Graphic file (type pdf)
<use chap/week1-1.pdf, page 13>
File: chap/week1-1.pdf Graphic file (type pdf)
<use chap/week1-1.pdf, page 13>
 [15]
File: chap/week1-1.pdf Graphic file (type pdf)
<use chap/week1-1.pdf, page 14>
File: chap/week1-1.pdf Graphic file (type pdf)
<use chap/week1-1.pdf, page 14>
File: chap/week1-1.pdf Graphic file (type pdf)
<use chap/week1-1.pdf, page 14>
 [16]
File: chap/week1-1.pdf Graphic file (type pdf)
<use chap/week1-1.pdf, page 15>
File: chap/week1-1.pdf Graphic file (type pdf)
<use chap/week1-1.pdf, page 15>
File: chap/week1-1.pdf Graphic file (type pdf)
<use chap/week1-1.pdf, page 15>
 [17]
File: chap/week1-1.pdf Graphic file (type pdf)
<use chap/week1-1.pdf, page 16>
File: chap/week1-1.pdf Graphic file (type pdf)
<use chap/week1-1.pdf, page 16>
File: chap/week1-1.pdf Graphic file (type pdf)
<use chap/week1-1.pdf, page 16>

[18]
File: chap/week1-1.pdf Graphic file (type pdf)
<use chap/week1-1.pdf, page 17>
File: chap/week1-1.pdf Graphic file (type pdf)
<use chap/week1-1.pdf, page 17>
File: chap/week1-1.pdf Graphic file (type pdf)
<use chap/week1-1.pdf, page 17>
 [19]
File: chap/week1-1.pdf Graphic file (type pdf)
<use chap/week1-1.pdf, page 18>
File: chap/week1-1.pdf Graphic file (type pdf)
<use chap/week1-1.pdf, page 18>
File: chap/week1-1.pdf Graphic file (type pdf)
<use chap/week1-1.pdf, page 18>
 [20]
File: chap/week1-1.pdf Graphic file (type pdf)
<use chap/week1-1.pdf, page 19>
File: chap/week1-1.pdf Graphic file (type pdf)
<use chap/week1-1.pdf, page 19>
File: chap/week1-1.pdf Graphic file (type pdf)
<use chap/week1-1.pdf, page 19>
 [21]
File: chap/week1-1.pdf Graphic file (type pdf)
<use chap/week1-1.pdf, page 20>
File: chap/week1-1.pdf Graphic file (type pdf)
<use chap/week1-1.pdf, page 20>
File: chap/week1-1.pdf Graphic file (type pdf)
<use chap/week1-1.pdf, page 20>
 [22]
File: chap/week1-1.pdf Graphic file (type pdf)
<use chap/week1-1.pdf, page 21>
File: chap/week1-1.pdf Graphic file (type pdf)
<use chap/week1-1.pdf, page 21>
File: chap/week1-1.pdf Graphic file (type pdf)
<use chap/week1-1.pdf, page 21>
 [23]
File: chap/week1-1.pdf Graphic file (type pdf)
<use chap/week1-1.pdf, page 22>
File: chap/week1-1.pdf Graphic file (type pdf)
<use chap/week1-1.pdf, page 22>
File: chap/week1-1.pdf Graphic file (type pdf)
<use chap/week1-1.pdf, page 22>
 [24]
File: chap/week1-1.pdf Graphic file (type pdf)
<use chap/week1-1.pdf, page 23>
File: chap/week1-1.pdf Graphic file (type pdf)
<use chap/week1-1.pdf, page 23>
File: chap/week1-1.pdf Graphic file (type pdf)
<use chap/week1-1.pdf, page 23>
 [25]
File: chap/week1-1.pdf Graphic file (type pdf)
<use chap/week1-1.pdf, page 24>
File: chap/week1-1.pdf Graphic file (type pdf)
<use chap/week1-1.pdf, page 24>
File: chap/week1-1.pdf Graphic file (type pdf)
<use chap/week1-1.pdf, page 24>
 [26]
File: chap/week1-1.pdf Graphic file (type pdf)
<use chap/week1-1.pdf, page 25>
File: chap/week1-1.pdf Graphic file (type pdf)
<use chap/week1-1.pdf, page 25>
File: chap/week1-1.pdf Graphic file (type pdf)
<use chap/week1-1.pdf, page 25>
 [27]
File: chap/week1-1.pdf Graphic file (type pdf)
<use chap/week1-1.pdf, page 26>
File: chap/week1-1.pdf Graphic file (type pdf)
<use chap/week1-1.pdf, page 26>
File: chap/week1-1.pdf Graphic file (type pdf)
<use chap/week1-1.pdf, page 26>
 [28]
File: chap/week1-1.pdf Graphic file (type pdf)
<use chap/week1-1.pdf, page 27>
File: chap/week1-1.pdf Graphic file (type pdf)
<use chap/week1-1.pdf, page 27>
File: chap/week1-1.pdf Graphic file (type pdf)
<use chap/week1-1.pdf, page 27>
 [29]
File: chap/week1-1.pdf Graphic file (type pdf)
<use chap/week1-1.pdf, page 28>
File: chap/week1-1.pdf Graphic file (type pdf)
<use chap/week1-1.pdf, page 28>
File: chap/week1-1.pdf Graphic file (type pdf)
<use chap/week1-1.pdf, page 28>
 [30]
File: chap/week1-1.pdf Graphic file (type pdf)
<use chap/week1-1.pdf, page 29>
File: chap/week1-1.pdf Graphic file (type pdf)
<use chap/week1-1.pdf, page 29>
File: chap/week1-1.pdf Graphic file (type pdf)
<use chap/week1-1.pdf, page 29>
 [31]
File: chap/week1-1.pdf Graphic file (type pdf)
<use chap/week1-1.pdf, page 30>
File: chap/week1-1.pdf Graphic file (type pdf)
<use chap/week1-1.pdf, page 30>
File: chap/week1-1.pdf Graphic file (type pdf)
<use chap/week1-1.pdf, page 30>
 [32]
File: chap/week1-1.pdf Graphic file (type pdf)
<use chap/week1-1.pdf, page 31>
File: chap/week1-1.pdf Graphic file (type pdf)
<use chap/week1-1.pdf, page 31>
File: chap/week1-1.pdf Graphic file (type pdf)
<use chap/week1-1.pdf, page 31>

[33]
File: chap/week1-1.pdf Graphic file (type pdf)
<use chap/week1-1.pdf, page 32>
File: chap/week1-1.pdf Graphic file (type pdf)
<use chap/week1-1.pdf, page 32>
File: chap/week1-1.pdf Graphic file (type pdf)
<use chap/week1-1.pdf, page 32>
 [34]
File: chap/week1-1.pdf Graphic file (type pdf)
<use chap/week1-1.pdf, page 33>
File: chap/week1-1.pdf Graphic file (type pdf)
<use chap/week1-1.pdf, page 33>
File: chap/week1-1.pdf Graphic file (type pdf)
<use chap/week1-1.pdf, page 33>
 [35]
File: chap/week1-1.pdf Graphic file (type pdf)
<use chap/week1-1.pdf, page 34>
File: chap/week1-1.pdf Graphic file (type pdf)
<use chap/week1-1.pdf, page 34>
File: chap/week1-1.pdf Graphic file (type pdf)
<use chap/week1-1.pdf, page 34>
 [36]
File: chap/week1-1.pdf Graphic file (type pdf)
<use chap/week1-1.pdf, page 35>
File: chap/week1-1.pdf Graphic file (type pdf)
<use chap/week1-1.pdf, page 35>
File: chap/week1-1.pdf Graphic file (type pdf)
<use chap/week1-1.pdf, page 35>
 [37]
File: chap/week1-1.pdf Graphic file (type pdf)
<use chap/week1-1.pdf, page 36>
File: chap/week1-1.pdf Graphic file (type pdf)
<use chap/week1-1.pdf, page 36>
File: chap/week1-1.pdf Graphic file (type pdf)
<use chap/week1-1.pdf, page 36>
 [38]
File: chap/week1-1.pdf Graphic file (type pdf)
<use chap/week1-1.pdf, page 37>
File: chap/week1-1.pdf Graphic file (type pdf)
<use chap/week1-1.pdf, page 37>
File: chap/week1-1.pdf Graphic file (type pdf)
<use chap/week1-1.pdf, page 37>
 [39]
File: chap/week1-1.pdf Graphic file (type pdf)
<use chap/week1-1.pdf, page 38>
File: chap/week1-1.pdf Graphic file (type pdf)
<use chap/week1-1.pdf, page 38>
File: chap/week1-1.pdf Graphic file (type pdf)
<use chap/week1-1.pdf, page 38>
 [40]
File: chap/week1-1.pdf Graphic file (type pdf)
<use chap/week1-1.pdf, page 39>
File: chap/week1-1.pdf Graphic file (type pdf)
<use chap/week1-1.pdf, page 39>
File: chap/week1-1.pdf Graphic file (type pdf)
<use chap/week1-1.pdf, page 39>
 [41]
File: chap/week1-2.pdf Graphic file (type pdf)
<use chap/week1-2.pdf>
File: chap/week1-2.pdf Graphic file (type pdf)
<use chap/week1-2.pdf>
File: chap/week1-2.pdf Graphic file (type pdf)
<use chap/week1-2.pdf, page 1>
File: chap/week1-2.pdf Graphic file (type pdf)
<use chap/week1-2.pdf, page 1>
LaTeX Font Info:    Font shape `T1/ntxtlf/m/n' will be
(Font)              scaled to size 8.0pt on input line 44.
 [42]
File: chap/week1-2.pdf Graphic file (type pdf)
<use chap/week1-2.pdf, page 1>
File: chap/week1-2.pdf Graphic file (type pdf)
<use chap/week1-2.pdf, page 1>
File: chap/week1-2.pdf Graphic file (type pdf)
<use chap/week1-2.pdf, page 1>
 [43]
File: chap/week1-2.pdf Graphic file (type pdf)
<use chap/week1-2.pdf, page 2>
File: chap/week1-2.pdf Graphic file (type pdf)
<use chap/week1-2.pdf, page 2>
File: chap/week1-2.pdf Graphic file (type pdf)
<use chap/week1-2.pdf, page 2>
 [44]
File: chap/week1-2.pdf Graphic file (type pdf)
<use chap/week1-2.pdf, page 3>
File: chap/week1-2.pdf Graphic file (type pdf)
<use chap/week1-2.pdf, page 3>
File: chap/week1-2.pdf Graphic file (type pdf)
<use chap/week1-2.pdf, page 3>
 [45]
File: chap/week1-2.pdf Graphic file (type pdf)
<use chap/week1-2.pdf, page 4>
File: chap/week1-2.pdf Graphic file (type pdf)
<use chap/week1-2.pdf, page 4>
File: chap/week1-2.pdf Graphic file (type pdf)
<use chap/week1-2.pdf, page 4>
 [46]
File: chap/week1-2.pdf Graphic file (type pdf)
<use chap/week1-2.pdf, page 5>
File: chap/week1-2.pdf Graphic file (type pdf)
<use chap/week1-2.pdf, page 5>
File: chap/week1-2.pdf Graphic file (type pdf)
<use chap/week1-2.pdf, page 5>
 [47]
File: chap/week1-2.pdf Graphic file (type pdf)
<use chap/week1-2.pdf, page 6>
File: chap/week1-2.pdf Graphic file (type pdf)
<use chap/week1-2.pdf, page 6>
File: chap/week1-2.pdf Graphic file (type pdf)
<use chap/week1-2.pdf, page 6>

[48]
File: chap/week1-2.pdf Graphic file (type pdf)
<use chap/week1-2.pdf, page 7>
File: chap/week1-2.pdf Graphic file (type pdf)
<use chap/week1-2.pdf, page 7>
File: chap/week1-2.pdf Graphic file (type pdf)
<use chap/week1-2.pdf, page 7>
 [49]
File: chap/week1-2.pdf Graphic file (type pdf)
<use chap/week1-2.pdf, page 8>
File: chap/week1-2.pdf Graphic file (type pdf)
<use chap/week1-2.pdf, page 8>
File: chap/week1-2.pdf Graphic file (type pdf)
<use chap/week1-2.pdf, page 8>
 [50]
File: chap/week1-2.pdf Graphic file (type pdf)
<use chap/week1-2.pdf, page 9>
File: chap/week1-2.pdf Graphic file (type pdf)
<use chap/week1-2.pdf, page 9>
File: chap/week1-2.pdf Graphic file (type pdf)
<use chap/week1-2.pdf, page 9>
 [51]
File: chap/week1-2.pdf Graphic file (type pdf)
<use chap/week1-2.pdf, page 10>
File: chap/week1-2.pdf Graphic file (type pdf)
<use chap/week1-2.pdf, page 10>
File: chap/week1-2.pdf Graphic file (type pdf)
<use chap/week1-2.pdf, page 10>
 [52]
File: chap/week1-2.pdf Graphic file (type pdf)
<use chap/week1-2.pdf, page 11>
File: chap/week1-2.pdf Graphic file (type pdf)
<use chap/week1-2.pdf, page 11>
File: chap/week1-2.pdf Graphic file (type pdf)
<use chap/week1-2.pdf, page 11>
 [53]
File: chap/week1-2.pdf Graphic file (type pdf)
<use chap/week1-2.pdf, page 12>
File: chap/week1-2.pdf Graphic file (type pdf)
<use chap/week1-2.pdf, page 12>
File: chap/week1-2.pdf Graphic file (type pdf)
<use chap/week1-2.pdf, page 12>
 [54]
File: chap/week1-2.pdf Graphic file (type pdf)
<use chap/week1-2.pdf, page 13>
File: chap/week1-2.pdf Graphic file (type pdf)
<use chap/week1-2.pdf, page 13>
File: chap/week1-2.pdf Graphic file (type pdf)
<use chap/week1-2.pdf, page 13>
 [55]
File: chap/week1-2.pdf Graphic file (type pdf)
<use chap/week1-2.pdf, page 14>
File: chap/week1-2.pdf Graphic file (type pdf)
<use chap/week1-2.pdf, page 14>
File: chap/week1-2.pdf Graphic file (type pdf)
<use chap/week1-2.pdf, page 14>
 [56]
File: chap/week1-2.pdf Graphic file (type pdf)
<use chap/week1-2.pdf, page 15>
File: chap/week1-2.pdf Graphic file (type pdf)
<use chap/week1-2.pdf, page 15>
File: chap/week1-2.pdf Graphic file (type pdf)
<use chap/week1-2.pdf, page 15>
 [57]
File: chap/week1-2.pdf Graphic file (type pdf)
<use chap/week1-2.pdf, page 16>
File: chap/week1-2.pdf Graphic file (type pdf)
<use chap/week1-2.pdf, page 16>
File: chap/week1-2.pdf Graphic file (type pdf)
<use chap/week1-2.pdf, page 16>
 [58]
File: chap/week1-2.pdf Graphic file (type pdf)
<use chap/week1-2.pdf, page 17>
File: chap/week1-2.pdf Graphic file (type pdf)
<use chap/week1-2.pdf, page 17>
File: chap/week1-2.pdf Graphic file (type pdf)
<use chap/week1-2.pdf, page 17>
 [59]
File: chap/week1-2.pdf Graphic file (type pdf)
<use chap/week1-2.pdf, page 18>
File: chap/week1-2.pdf Graphic file (type pdf)
<use chap/week1-2.pdf, page 18>
File: chap/week1-2.pdf Graphic file (type pdf)
<use chap/week1-2.pdf, page 18>
 [60]
File: chap/week1-2.pdf Graphic file (type pdf)
<use chap/week1-2.pdf, page 19>
File: chap/week1-2.pdf Graphic file (type pdf)
<use chap/week1-2.pdf, page 19>
File: chap/week1-2.pdf Graphic file (type pdf)
<use chap/week1-2.pdf, page 19>
 [61]
File: chap/week1-2.pdf Graphic file (type pdf)
<use chap/week1-2.pdf, page 20>
File: chap/week1-2.pdf Graphic file (type pdf)
<use chap/week1-2.pdf, page 20>
File: chap/week1-2.pdf Graphic file (type pdf)
<use chap/week1-2.pdf, page 20>
 [62]
File: chap/week1-2.pdf Graphic file (type pdf)
<use chap/week1-2.pdf, page 21>
File: chap/week1-2.pdf Graphic file (type pdf)
<use chap/week1-2.pdf, page 21>
File: chap/week1-2.pdf Graphic file (type pdf)
<use chap/week1-2.pdf, page 21>

[63]
File: chap/week1-2.pdf Graphic file (type pdf)
<use chap/week1-2.pdf, page 22>
File: chap/week1-2.pdf Graphic file (type pdf)
<use chap/week1-2.pdf, page 22>
File: chap/week1-2.pdf Graphic file (type pdf)
<use chap/week1-2.pdf, page 22>
 [64]
File: chap/week1-2.pdf Graphic file (type pdf)
<use chap/week1-2.pdf, page 23>
File: chap/week1-2.pdf Graphic file (type pdf)
<use chap/week1-2.pdf, page 23>
File: chap/week1-2.pdf Graphic file (type pdf)
<use chap/week1-2.pdf, page 23>
 [65]
File: chap/week1-2.pdf Graphic file (type pdf)
<use chap/week1-2.pdf, page 24>
File: chap/week1-2.pdf Graphic file (type pdf)
<use chap/week1-2.pdf, page 24>
File: chap/week1-2.pdf Graphic file (type pdf)
<use chap/week1-2.pdf, page 24>
 [66]
File: chap/week1-2.pdf Graphic file (type pdf)
<use chap/week1-2.pdf, page 25>
File: chap/week1-2.pdf Graphic file (type pdf)
<use chap/week1-2.pdf, page 25>
File: chap/week1-2.pdf Graphic file (type pdf)
<use chap/week1-2.pdf, page 25>
 [67]
File: chap/week1-2.pdf Graphic file (type pdf)
<use chap/week1-2.pdf, page 26>
File: chap/week1-2.pdf Graphic file (type pdf)
<use chap/week1-2.pdf, page 26>
File: chap/week1-2.pdf Graphic file (type pdf)
<use chap/week1-2.pdf, page 26>
 [68]
File: chap/week1-2.pdf Graphic file (type pdf)
<use chap/week1-2.pdf, page 27>
File: chap/week1-2.pdf Graphic file (type pdf)
<use chap/week1-2.pdf, page 27>
File: chap/week1-2.pdf Graphic file (type pdf)
<use chap/week1-2.pdf, page 27>
 [69]
File: chap/week1-2.pdf Graphic file (type pdf)
<use chap/week1-2.pdf, page 28>
File: chap/week1-2.pdf Graphic file (type pdf)
<use chap/week1-2.pdf, page 28>
File: chap/week1-2.pdf Graphic file (type pdf)
<use chap/week1-2.pdf, page 28>
 [70]
File: chap/week1-2.pdf Graphic file (type pdf)
<use chap/week1-2.pdf, page 29>
File: chap/week1-2.pdf Graphic file (type pdf)
<use chap/week1-2.pdf, page 29>
File: chap/week1-2.pdf Graphic file (type pdf)
<use chap/week1-2.pdf, page 29>
 [71]
File: chap/week1-2.pdf Graphic file (type pdf)
<use chap/week1-2.pdf, page 30>
File: chap/week1-2.pdf Graphic file (type pdf)
<use chap/week1-2.pdf, page 30>
File: chap/week1-2.pdf Graphic file (type pdf)
<use chap/week1-2.pdf, page 30>
 [72]
File: chap/week1-2.pdf Graphic file (type pdf)
<use chap/week1-2.pdf, page 31>
File: chap/week1-2.pdf Graphic file (type pdf)
<use chap/week1-2.pdf, page 31>
File: chap/week1-2.pdf Graphic file (type pdf)
<use chap/week1-2.pdf, page 31>
 [73]
File: chap/week1-2.pdf Graphic file (type pdf)
<use chap/week1-2.pdf, page 32>
File: chap/week1-2.pdf Graphic file (type pdf)
<use chap/week1-2.pdf, page 32>
File: chap/week1-2.pdf Graphic file (type pdf)
<use chap/week1-2.pdf, page 32>
 [74]
File: chap/week1-2.pdf Graphic file (type pdf)
<use chap/week1-2.pdf, page 33>
File: chap/week1-2.pdf Graphic file (type pdf)
<use chap/week1-2.pdf, page 33>
File: chap/week1-2.pdf Graphic file (type pdf)
<use chap/week1-2.pdf, page 33>
 [75]
File: chap/week1-2.pdf Graphic file (type pdf)
<use chap/week1-2.pdf, page 34>
File: chap/week1-2.pdf Graphic file (type pdf)
<use chap/week1-2.pdf, page 34>
File: chap/week1-2.pdf Graphic file (type pdf)
<use chap/week1-2.pdf, page 34>
 [76]
File: chap/week1-2.pdf Graphic file (type pdf)
<use chap/week1-2.pdf, page 35>
File: chap/week1-2.pdf Graphic file (type pdf)
<use chap/week1-2.pdf, page 35>
File: chap/week1-2.pdf Graphic file (type pdf)
<use chap/week1-2.pdf, page 35>
 [77]
File: chap/week1-2.pdf Graphic file (type pdf)
<use chap/week1-2.pdf, page 36>
File: chap/week1-2.pdf Graphic file (type pdf)
<use chap/week1-2.pdf, page 36>
File: chap/week1-2.pdf Graphic file (type pdf)
<use chap/week1-2.pdf, page 36>

[78]
File: chap/week1-2.pdf Graphic file (type pdf)
<use chap/week1-2.pdf, page 37>
File: chap/week1-2.pdf Graphic file (type pdf)
<use chap/week1-2.pdf, page 37>
File: chap/week1-2.pdf Graphic file (type pdf)
<use chap/week1-2.pdf, page 37>
 [79]
File: chap/week1-2.pdf Graphic file (type pdf)
<use chap/week1-2.pdf, page 38>
File: chap/week1-2.pdf Graphic file (type pdf)
<use chap/week1-2.pdf, page 38>
File: chap/week1-2.pdf Graphic file (type pdf)
<use chap/week1-2.pdf, page 38>
 [80]
File: chap/week1-2.pdf Graphic file (type pdf)
<use chap/week1-2.pdf, page 39>
File: chap/week1-2.pdf Graphic file (type pdf)
<use chap/week1-2.pdf, page 39>
File: chap/week1-2.pdf Graphic file (type pdf)
<use chap/week1-2.pdf, page 39>
 [81]
File: chap/week1-2.pdf Graphic file (type pdf)
<use chap/week1-2.pdf, page 40>
File: chap/week1-2.pdf Graphic file (type pdf)
<use chap/week1-2.pdf, page 40>
File: chap/week1-2.pdf Graphic file (type pdf)
<use chap/week1-2.pdf, page 40>
 [82]
File: chap/week1-2.pdf Graphic file (type pdf)
<use chap/week1-2.pdf, page 41>
File: chap/week1-2.pdf Graphic file (type pdf)
<use chap/week1-2.pdf, page 41>
File: chap/week1-2.pdf Graphic file (type pdf)
<use chap/week1-2.pdf, page 41>
 [83]
File: chap/week1-2.pdf Graphic file (type pdf)
<use chap/week1-2.pdf, page 42>
File: chap/week1-2.pdf Graphic file (type pdf)
<use chap/week1-2.pdf, page 42>
File: chap/week1-2.pdf Graphic file (type pdf)
<use chap/week1-2.pdf, page 42>
 [84]
File: chap/week1-2.pdf Graphic file (type pdf)
<use chap/week1-2.pdf, page 43>
File: chap/week1-2.pdf Graphic file (type pdf)
<use chap/week1-2.pdf, page 43>
File: chap/week1-2.pdf Graphic file (type pdf)
<use chap/week1-2.pdf, page 43>
 [85]
File: chap/week1-2.pdf Graphic file (type pdf)
<use chap/week1-2.pdf, page 44>
File: chap/week1-2.pdf Graphic file (type pdf)
<use chap/week1-2.pdf, page 44>
File: chap/week1-2.pdf Graphic file (type pdf)
<use chap/week1-2.pdf, page 44>
 [86]
File: chap/week1-2.pdf Graphic file (type pdf)
<use chap/week1-2.pdf, page 45>
File: chap/week1-2.pdf Graphic file (type pdf)
<use chap/week1-2.pdf, page 45>
File: chap/week1-2.pdf Graphic file (type pdf)
<use chap/week1-2.pdf, page 45>
 [87]
File: chap/week1-2.pdf Graphic file (type pdf)
<use chap/week1-2.pdf, page 46>
File: chap/week1-2.pdf Graphic file (type pdf)
<use chap/week1-2.pdf, page 46>
File: chap/week1-2.pdf Graphic file (type pdf)
<use chap/week1-2.pdf, page 46>
 [88]
File: chap/week1-2.pdf Graphic file (type pdf)
<use chap/week1-2.pdf, page 47>
File: chap/week1-2.pdf Graphic file (type pdf)
<use chap/week1-2.pdf, page 47>
File: chap/week1-2.pdf Graphic file (type pdf)
<use chap/week1-2.pdf, page 47>
 [89]
File: chap/week1-2.pdf Graphic file (type pdf)
<use chap/week1-2.pdf, page 48>
File: chap/week1-2.pdf Graphic file (type pdf)
<use chap/week1-2.pdf, page 48>
File: chap/week1-2.pdf Graphic file (type pdf)
<use chap/week1-2.pdf, page 48>
 [90]
File: chap/week1-2.pdf Graphic file (type pdf)
<use chap/week1-2.pdf, page 49>
File: chap/week1-2.pdf Graphic file (type pdf)
<use chap/week1-2.pdf, page 49>
File: chap/week1-2.pdf Graphic file (type pdf)
<use chap/week1-2.pdf, page 49>
 [91]
File: chap/week1-3.pdf Graphic file (type pdf)
<use chap/week1-3.pdf>
File: chap/week1-3.pdf Graphic file (type pdf)
<use chap/week1-3.pdf>
File: chap/week1-3.pdf Graphic file (type pdf)
<use chap/week1-3.pdf, page 1>
File: chap/week1-3.pdf Graphic file (type pdf)
<use chap/week1-3.pdf, page 1>
 [92]
File: chap/week1-3.pdf Graphic file (type pdf)
<use chap/week1-3.pdf, page 1>
File: chap/week1-3.pdf Graphic file (type pdf)
<use chap/week1-3.pdf, page 1>
File: chap/week1-3.pdf Graphic file (type pdf)
<use chap/week1-3.pdf, page 1>

[93]
File: chap/week1-3.pdf Graphic file (type pdf)
<use chap/week1-3.pdf, page 2>
File: chap/week1-3.pdf Graphic file (type pdf)
<use chap/week1-3.pdf, page 2>
File: chap/week1-3.pdf Graphic file (type pdf)
<use chap/week1-3.pdf, page 2>
 [94]
File: chap/week1-3.pdf Graphic file (type pdf)
<use chap/week1-3.pdf, page 3>
File: chap/week1-3.pdf Graphic file (type pdf)
<use chap/week1-3.pdf, page 3>
File: chap/week1-3.pdf Graphic file (type pdf)
<use chap/week1-3.pdf, page 3>
 [95]
File: chap/week1-3.pdf Graphic file (type pdf)
<use chap/week1-3.pdf, page 4>
File: chap/week1-3.pdf Graphic file (type pdf)
<use chap/week1-3.pdf, page 4>
File: chap/week1-3.pdf Graphic file (type pdf)
<use chap/week1-3.pdf, page 4>
 [96]
File: chap/week1-3.pdf Graphic file (type pdf)
<use chap/week1-3.pdf, page 5>
File: chap/week1-3.pdf Graphic file (type pdf)
<use chap/week1-3.pdf, page 5>
File: chap/week1-3.pdf Graphic file (type pdf)
<use chap/week1-3.pdf, page 5>
 [97]
File: chap/week1-3.pdf Graphic file (type pdf)
<use chap/week1-3.pdf, page 6>
File: chap/week1-3.pdf Graphic file (type pdf)
<use chap/week1-3.pdf, page 6>
File: chap/week1-3.pdf Graphic file (type pdf)
<use chap/week1-3.pdf, page 6>
 [98]
File: chap/week1-3.pdf Graphic file (type pdf)
<use chap/week1-3.pdf, page 7>
File: chap/week1-3.pdf Graphic file (type pdf)
<use chap/week1-3.pdf, page 7>
File: chap/week1-3.pdf Graphic file (type pdf)
<use chap/week1-3.pdf, page 7>
 [99]
File: chap/week1-3.pdf Graphic file (type pdf)
<use chap/week1-3.pdf, page 8>
File: chap/week1-3.pdf Graphic file (type pdf)
<use chap/week1-3.pdf, page 8>
File: chap/week1-3.pdf Graphic file (type pdf)
<use chap/week1-3.pdf, page 8>
 [100]
File: chap/week1-3.pdf Graphic file (type pdf)
<use chap/week1-3.pdf, page 9>
File: chap/week1-3.pdf Graphic file (type pdf)
<use chap/week1-3.pdf, page 9>
File: chap/week1-3.pdf Graphic file (type pdf)
<use chap/week1-3.pdf, page 9>
 [101]
File: chap/week1-3.pdf Graphic file (type pdf)
<use chap/week1-3.pdf, page 10>
File: chap/week1-3.pdf Graphic file (type pdf)
<use chap/week1-3.pdf, page 10>
File: chap/week1-3.pdf Graphic file (type pdf)
<use chap/week1-3.pdf, page 10>
 [102]
File: chap/week1-3.pdf Graphic file (type pdf)
<use chap/week1-3.pdf, page 11>
File: chap/week1-3.pdf Graphic file (type pdf)
<use chap/week1-3.pdf, page 11>
File: chap/week1-3.pdf Graphic file (type pdf)
<use chap/week1-3.pdf, page 11>
 [103]
File: chap/week1-3.pdf Graphic file (type pdf)
<use chap/week1-3.pdf, page 12>
File: chap/week1-3.pdf Graphic file (type pdf)
<use chap/week1-3.pdf, page 12>
File: chap/week1-3.pdf Graphic file (type pdf)
<use chap/week1-3.pdf, page 12>
 [104]
File: chap/week1-3.pdf Graphic file (type pdf)
<use chap/week1-3.pdf, page 13>
File: chap/week1-3.pdf Graphic file (type pdf)
<use chap/week1-3.pdf, page 13>
File: chap/week1-3.pdf Graphic file (type pdf)
<use chap/week1-3.pdf, page 13>
 [105]
File: chap/week1-3.pdf Graphic file (type pdf)
<use chap/week1-3.pdf, page 14>
File: chap/week1-3.pdf Graphic file (type pdf)
<use chap/week1-3.pdf, page 14>
File: chap/week1-3.pdf Graphic file (type pdf)
<use chap/week1-3.pdf, page 14>
 [106]
File: chap/week1-3.pdf Graphic file (type pdf)
<use chap/week1-3.pdf, page 15>
File: chap/week1-3.pdf Graphic file (type pdf)
<use chap/week1-3.pdf, page 15>
File: chap/week1-3.pdf Graphic file (type pdf)
<use chap/week1-3.pdf, page 15>

[107]
File: chap/week1-3.pdf Graphic file (type pdf)
<use chap/week1-3.pdf, page 16>
File: chap/week1-3.pdf Graphic file (type pdf)
<use chap/week1-3.pdf, page 16>
File: chap/week1-3.pdf Graphic file (type pdf)
<use chap/week1-3.pdf, page 16>
 [108]
File: chap/week1-3.pdf Graphic file (type pdf)
<use chap/week1-3.pdf, page 17>
File: chap/week1-3.pdf Graphic file (type pdf)
<use chap/week1-3.pdf, page 17>
File: chap/week1-3.pdf Graphic file (type pdf)
<use chap/week1-3.pdf, page 17>
 [109]
File: chap/week1-3.pdf Graphic file (type pdf)
<use chap/week1-3.pdf, page 18>
File: chap/week1-3.pdf Graphic file (type pdf)
<use chap/week1-3.pdf, page 18>
File: chap/week1-3.pdf Graphic file (type pdf)
<use chap/week1-3.pdf, page 18>
 [110]
File: chap/week1-3.pdf Graphic file (type pdf)
<use chap/week1-3.pdf, page 19>
File: chap/week1-3.pdf Graphic file (type pdf)
<use chap/week1-3.pdf, page 19>
File: chap/week1-3.pdf Graphic file (type pdf)
<use chap/week1-3.pdf, page 19>
 [111]
File: chap/week1-3.pdf Graphic file (type pdf)
<use chap/week1-3.pdf, page 20>
File: chap/week1-3.pdf Graphic file (type pdf)
<use chap/week1-3.pdf, page 20>
File: chap/week1-3.pdf Graphic file (type pdf)
<use chap/week1-3.pdf, page 20>
 [112]
File: chap/week1-3.pdf Graphic file (type pdf)
<use chap/week1-3.pdf, page 21>
File: chap/week1-3.pdf Graphic file (type pdf)
<use chap/week1-3.pdf, page 21>
File: chap/week1-3.pdf Graphic file (type pdf)
<use chap/week1-3.pdf, page 21>
 [113]
File: chap/week1-3.pdf Graphic file (type pdf)
<use chap/week1-3.pdf, page 22>
File: chap/week1-3.pdf Graphic file (type pdf)
<use chap/week1-3.pdf, page 22>
File: chap/week1-3.pdf Graphic file (type pdf)
<use chap/week1-3.pdf, page 22>
 [114]
File: chap/week1-3.pdf Graphic file (type pdf)
<use chap/week1-3.pdf, page 23>
File: chap/week1-3.pdf Graphic file (type pdf)
<use chap/week1-3.pdf, page 23>
File: chap/week1-3.pdf Graphic file (type pdf)
<use chap/week1-3.pdf, page 23>
 [115]
File: chap/week1-3.pdf Graphic file (type pdf)
<use chap/week1-3.pdf, page 24>
File: chap/week1-3.pdf Graphic file (type pdf)
<use chap/week1-3.pdf, page 24>
File: chap/week1-3.pdf Graphic file (type pdf)
<use chap/week1-3.pdf, page 24>
 [116]
File: chap/week1-3.pdf Graphic file (type pdf)
<use chap/week1-3.pdf, page 25>
File: chap/week1-3.pdf Graphic file (type pdf)
<use chap/week1-3.pdf, page 25>
File: chap/week1-3.pdf Graphic file (type pdf)
<use chap/week1-3.pdf, page 25>
 [117]
Chapter 2 2.
File: chap/week2-1.pdf Graphic file (type pdf)
<use chap/week2-1.pdf>
File: chap/week2-1.pdf Graphic file (type pdf)
<use chap/week2-1.pdf>
File: chap/week2-1.pdf Graphic file (type pdf)
<use chap/week2-1.pdf, page 1>
File: chap/week2-1.pdf Graphic file (type pdf)
<use chap/week2-1.pdf, page 1>
[118

]
File: chap/week2-1.pdf Graphic file (type pdf)
<use chap/week2-1.pdf, page 1>
File: chap/week2-1.pdf Graphic file (type pdf)
<use chap/week2-1.pdf, page 1>
File: chap/week2-1.pdf Graphic file (type pdf)
<use chap/week2-1.pdf, page 1>
 [119]
File: chap/week2-1.pdf Graphic file (type pdf)
<use chap/week2-1.pdf, page 2>
File: chap/week2-1.pdf Graphic file (type pdf)
<use chap/week2-1.pdf, page 2>
File: chap/week2-1.pdf Graphic file (type pdf)
<use chap/week2-1.pdf, page 2>
 [120]
File: chap/week2-1.pdf Graphic file (type pdf)
<use chap/week2-1.pdf, page 3>
File: chap/week2-1.pdf Graphic file (type pdf)
<use chap/week2-1.pdf, page 3>
File: chap/week2-1.pdf Graphic file (type pdf)
<use chap/week2-1.pdf, page 3>
 [121]
File: chap/week2-1.pdf Graphic file (type pdf)
<use chap/week2-1.pdf, page 4>
File: chap/week2-1.pdf Graphic file (type pdf)
<use chap/week2-1.pdf, page 4>
File: chap/week2-1.pdf Graphic file (type pdf)
<use chap/week2-1.pdf, page 4>
 [122]
File: chap/week2-1.pdf Graphic file (type pdf)
<use chap/week2-1.pdf, page 5>
File: chap/week2-1.pdf Graphic file (type pdf)
<use chap/week2-1.pdf, page 5>
File: chap/week2-1.pdf Graphic file (type pdf)
<use chap/week2-1.pdf, page 5>
 [123]
File: chap/week2-1.pdf Graphic file (type pdf)
<use chap/week2-1.pdf, page 6>
File: chap/week2-1.pdf Graphic file (type pdf)
<use chap/week2-1.pdf, page 6>
File: chap/week2-1.pdf Graphic file (type pdf)
<use chap/week2-1.pdf, page 6>
 [124]
File: chap/week2-1.pdf Graphic file (type pdf)
<use chap/week2-1.pdf, page 7>
File: chap/week2-1.pdf Graphic file (type pdf)
<use chap/week2-1.pdf, page 7>
File: chap/week2-1.pdf Graphic file (type pdf)
<use chap/week2-1.pdf, page 7>
 [125]
File: chap/week2-1.pdf Graphic file (type pdf)
<use chap/week2-1.pdf, page 8>
File: chap/week2-1.pdf Graphic file (type pdf)
<use chap/week2-1.pdf, page 8>
File: chap/week2-1.pdf Graphic file (type pdf)
<use chap/week2-1.pdf, page 8>
 [126]
File: chap/week2-1.pdf Graphic file (type pdf)
<use chap/week2-1.pdf, page 9>
File: chap/week2-1.pdf Graphic file (type pdf)
<use chap/week2-1.pdf, page 9>
File: chap/week2-1.pdf Graphic file (type pdf)
<use chap/week2-1.pdf, page 9>
 [127]
File: chap/week2-1.pdf Graphic file (type pdf)
<use chap/week2-1.pdf, page 10>
File: chap/week2-1.pdf Graphic file (type pdf)
<use chap/week2-1.pdf, page 10>
File: chap/week2-1.pdf Graphic file (type pdf)
<use chap/week2-1.pdf, page 10>
 [128]
File: chap/week2-1.pdf Graphic file (type pdf)
<use chap/week2-1.pdf, page 11>
File: chap/week2-1.pdf Graphic file (type pdf)
<use chap/week2-1.pdf, page 11>
File: chap/week2-1.pdf Graphic file (type pdf)
<use chap/week2-1.pdf, page 11>
 [129]
File: chap/week2-1.pdf Graphic file (type pdf)
<use chap/week2-1.pdf, page 12>
File: chap/week2-1.pdf Graphic file (type pdf)
<use chap/week2-1.pdf, page 12>
File: chap/week2-1.pdf Graphic file (type pdf)
<use chap/week2-1.pdf, page 12>

[130]
File: chap/week2-1.pdf Graphic file (type pdf)
<use chap/week2-1.pdf, page 13>
File: chap/week2-1.pdf Graphic file (type pdf)
<use chap/week2-1.pdf, page 13>
File: chap/week2-1.pdf Graphic file (type pdf)
<use chap/week2-1.pdf, page 13>
 [131]
File: chap/week2-1.pdf Graphic file (type pdf)
<use chap/week2-1.pdf, page 14>
File: chap/week2-1.pdf Graphic file (type pdf)
<use chap/week2-1.pdf, page 14>
File: chap/week2-1.pdf Graphic file (type pdf)
<use chap/week2-1.pdf, page 14>
 [132]
File: chap/week2-1.pdf Graphic file (type pdf)
<use chap/week2-1.pdf, page 15>
File: chap/week2-1.pdf Graphic file (type pdf)
<use chap/week2-1.pdf, page 15>
File: chap/week2-1.pdf Graphic file (type pdf)
<use chap/week2-1.pdf, page 15>
 [133]
File: chap/week2-1.pdf Graphic file (type pdf)
<use chap/week2-1.pdf, page 16>
File: chap/week2-1.pdf Graphic file (type pdf)
<use chap/week2-1.pdf, page 16>
File: chap/week2-1.pdf Graphic file (type pdf)
<use chap/week2-1.pdf, page 16>
 [134]
File: chap/week2-1.pdf Graphic file (type pdf)
<use chap/week2-1.pdf, page 17>
File: chap/week2-1.pdf Graphic file (type pdf)
<use chap/week2-1.pdf, page 17>
File: chap/week2-1.pdf Graphic file (type pdf)
<use chap/week2-1.pdf, page 17>
 [135]
File: chap/week2-1.pdf Graphic file (type pdf)
<use chap/week2-1.pdf, page 18>
File: chap/week2-1.pdf Graphic file (type pdf)
<use chap/week2-1.pdf, page 18>
File: chap/week2-1.pdf Graphic file (type pdf)
<use chap/week2-1.pdf, page 18>
 [136]
File: chap/week2-1.pdf Graphic file (type pdf)
<use chap/week2-1.pdf, page 19>
File: chap/week2-1.pdf Graphic file (type pdf)
<use chap/week2-1.pdf, page 19>
File: chap/week2-1.pdf Graphic file (type pdf)
<use chap/week2-1.pdf, page 19>
 [137]
File: chap/week2-1.pdf Graphic file (type pdf)
<use chap/week2-1.pdf, page 20>
File: chap/week2-1.pdf Graphic file (type pdf)
<use chap/week2-1.pdf, page 20>
File: chap/week2-1.pdf Graphic file (type pdf)
<use chap/week2-1.pdf, page 20>
 [138]
File: chap/week2-1.pdf Graphic file (type pdf)
<use chap/week2-1.pdf, page 21>
File: chap/week2-1.pdf Graphic file (type pdf)
<use chap/week2-1.pdf, page 21>
File: chap/week2-1.pdf Graphic file (type pdf)
<use chap/week2-1.pdf, page 21>
 [139]
File: chap/week2-1.pdf Graphic file (type pdf)
<use chap/week2-1.pdf, page 22>
File: chap/week2-1.pdf Graphic file (type pdf)
<use chap/week2-1.pdf, page 22>
File: chap/week2-1.pdf Graphic file (type pdf)
<use chap/week2-1.pdf, page 22>
 [140]
File: chap/week2-1.pdf Graphic file (type pdf)
<use chap/week2-1.pdf, page 23>
File: chap/week2-1.pdf Graphic file (type pdf)
<use chap/week2-1.pdf, page 23>
File: chap/week2-1.pdf Graphic file (type pdf)
<use chap/week2-1.pdf, page 23>
 [141]
File: chap/week2-1.pdf Graphic file (type pdf)
<use chap/week2-1.pdf, page 24>
File: chap/week2-1.pdf Graphic file (type pdf)
<use chap/week2-1.pdf, page 24>
File: chap/week2-1.pdf Graphic file (type pdf)
<use chap/week2-1.pdf, page 24>

[142]
File: chap/week2-1.pdf Graphic file (type pdf)
<use chap/week2-1.pdf, page 25>
File: chap/week2-1.pdf Graphic file (type pdf)
<use chap/week2-1.pdf, page 25>
File: chap/week2-1.pdf Graphic file (type pdf)
<use chap/week2-1.pdf, page 25>
 [143]
File: chap/week2-1.pdf Graphic file (type pdf)
<use chap/week2-1.pdf, page 26>
File: chap/week2-1.pdf Graphic file (type pdf)
<use chap/week2-1.pdf, page 26>
File: chap/week2-1.pdf Graphic file (type pdf)
<use chap/week2-1.pdf, page 26>
 [144]
File: chap/week2-1.pdf Graphic file (type pdf)
<use chap/week2-1.pdf, page 27>
File: chap/week2-1.pdf Graphic file (type pdf)
<use chap/week2-1.pdf, page 27>
File: chap/week2-1.pdf Graphic file (type pdf)
<use chap/week2-1.pdf, page 27>
 [145]
File: chap/week2-1.pdf Graphic file (type pdf)
<use chap/week2-1.pdf, page 28>
File: chap/week2-1.pdf Graphic file (type pdf)
<use chap/week2-1.pdf, page 28>
File: chap/week2-1.pdf Graphic file (type pdf)
<use chap/week2-1.pdf, page 28>
 [146]
File: chap/week2-1.pdf Graphic file (type pdf)
<use chap/week2-1.pdf, page 29>
File: chap/week2-1.pdf Graphic file (type pdf)
<use chap/week2-1.pdf, page 29>
File: chap/week2-1.pdf Graphic file (type pdf)
<use chap/week2-1.pdf, page 29>
 [147]
File: chap/week2-1.pdf Graphic file (type pdf)
<use chap/week2-1.pdf, page 30>
File: chap/week2-1.pdf Graphic file (type pdf)
<use chap/week2-1.pdf, page 30>
File: chap/week2-1.pdf Graphic file (type pdf)
<use chap/week2-1.pdf, page 30>
 [148]
File: chap/week2-1.pdf Graphic file (type pdf)
<use chap/week2-1.pdf, page 31>
File: chap/week2-1.pdf Graphic file (type pdf)
<use chap/week2-1.pdf, page 31>
File: chap/week2-1.pdf Graphic file (type pdf)
<use chap/week2-1.pdf, page 31>
 [149]
File: chap/week2-2.pdf Graphic file (type pdf)
<use chap/week2-2.pdf>
File: chap/week2-2.pdf Graphic file (type pdf)
<use chap/week2-2.pdf>
File: chap/week2-2.pdf Graphic file (type pdf)
<use chap/week2-2.pdf, page 1>
File: chap/week2-2.pdf Graphic file (type pdf)
<use chap/week2-2.pdf, page 1>
 [150]
File: chap/week2-2.pdf Graphic file (type pdf)
<use chap/week2-2.pdf, page 1>
File: chap/week2-2.pdf Graphic file (type pdf)
<use chap/week2-2.pdf, page 1>
File: chap/week2-2.pdf Graphic file (type pdf)
<use chap/week2-2.pdf, page 1>
 [151]
File: chap/week2-2.pdf Graphic file (type pdf)
<use chap/week2-2.pdf, page 2>
File: chap/week2-2.pdf Graphic file (type pdf)
<use chap/week2-2.pdf, page 2>
File: chap/week2-2.pdf Graphic file (type pdf)
<use chap/week2-2.pdf, page 2>
 [152]
File: chap/week2-2.pdf Graphic file (type pdf)
<use chap/week2-2.pdf, page 3>
File: chap/week2-2.pdf Graphic file (type pdf)
<use chap/week2-2.pdf, page 3>
File: chap/week2-2.pdf Graphic file (type pdf)
<use chap/week2-2.pdf, page 3>
 [153]
File: chap/week2-2.pdf Graphic file (type pdf)
<use chap/week2-2.pdf, page 4>
File: chap/week2-2.pdf Graphic file (type pdf)
<use chap/week2-2.pdf, page 4>
File: chap/week2-2.pdf Graphic file (type pdf)
<use chap/week2-2.pdf, page 4>

[154]
File: chap/week2-2.pdf Graphic file (type pdf)
<use chap/week2-2.pdf, page 5>
File: chap/week2-2.pdf Graphic file (type pdf)
<use chap/week2-2.pdf, page 5>
File: chap/week2-2.pdf Graphic file (type pdf)
<use chap/week2-2.pdf, page 5>
 [155]
File: chap/week2-2.pdf Graphic file (type pdf)
<use chap/week2-2.pdf, page 6>
File: chap/week2-2.pdf Graphic file (type pdf)
<use chap/week2-2.pdf, page 6>
File: chap/week2-2.pdf Graphic file (type pdf)
<use chap/week2-2.pdf, page 6>
 [156]
File: chap/week2-2.pdf Graphic file (type pdf)
<use chap/week2-2.pdf, page 7>
File: chap/week2-2.pdf Graphic file (type pdf)
<use chap/week2-2.pdf, page 7>
File: chap/week2-2.pdf Graphic file (type pdf)
<use chap/week2-2.pdf, page 7>
 [157]
File: chap/week2-2.pdf Graphic file (type pdf)
<use chap/week2-2.pdf, page 8>
File: chap/week2-2.pdf Graphic file (type pdf)
<use chap/week2-2.pdf, page 8>
File: chap/week2-2.pdf Graphic file (type pdf)
<use chap/week2-2.pdf, page 8>
 [158]
File: chap/week2-2.pdf Graphic file (type pdf)
<use chap/week2-2.pdf, page 9>
File: chap/week2-2.pdf Graphic file (type pdf)
<use chap/week2-2.pdf, page 9>
File: chap/week2-2.pdf Graphic file (type pdf)
<use chap/week2-2.pdf, page 9>
 [159]
File: chap/week2-2.pdf Graphic file (type pdf)
<use chap/week2-2.pdf, page 10>
File: chap/week2-2.pdf Graphic file (type pdf)
<use chap/week2-2.pdf, page 10>
File: chap/week2-2.pdf Graphic file (type pdf)
<use chap/week2-2.pdf, page 10>
 [160]
Package atveryend Info: Empty hook `BeforeClearDocument' on input line 66.
Package atveryend Info: Empty hook `AfterLastShipout' on input line 66.
 (./elegantbook-cn.aux)
Package atveryend Info: Empty hook `AtVeryEndDocument' on input line 66.
Package atveryend Info: Executing hook `AtEndAfterFileList' on input line 66.
Package rerunfilecheck Info: File `elegantbook-cn.out' has not changed.
(rerunfilecheck)             Checksum: 23C2C9F678CDA2F96FDA9BB2CEC059EC;476.
 ) 
Here is how much of TeX's memory you used:
 32844 strings out of 479418
 617597 string characters out of 5887666
 1210618 words of memory out of 5000000
 49695 multiletter control sequences out of 15000+600000
 569676 words of font info for 62 fonts, out of 8000000 for 9000
 1348 hyphenation exceptions out of 8191
 68i,18n,126p,852b,776s stack positions out of 5000i,500n,10000p,200000b,80000s

Output written on elegantbook-cn.xdv (162 pages, 115136 bytes).
