This is XeTeX, Version 3.14159265-2.6-0.999992 (TeX Live 2020) (preloaded format=xelatex 2020.7.6)  31 AUG 2020 21:29
entering extended mode
 \write18 enabled.
 %&-line parsing enabled.
**Notes/chap/chap.03classification.tex
(./Notes/chap/chap.03classification.tex
LaTeX2e <2020-02-02> patch level 5
L3 programming layer <2020-03-06>
(/opt/texlive2020/texmf-dist/tex/latex/base/book.cls
Document Class: book 2019/12/20 v1.4l Standard LaTeX document class
(/opt/texlive2020/texmf-dist/tex/latex/base/bk11.clo
File: bk11.clo 2019/12/20 v1.4l Standard LaTeX file (size option)
)
\c@part=\count163
\c@chapter=\count164
\c@section=\count165
\c@subsection=\count166
\c@subsubsection=\count167
\c@paragraph=\count168
\c@subparagraph=\count169
\c@figure=\count170
\c@table=\count171
\abovecaptionskip=\skip47
\belowcaptionskip=\skip48
\bibindent=\dimen134
)

! LaTeX Error: File `../needed.tex' not found.

Type X to quit or <RETURN> to proceed,
or enter new name. (Default extension: tex)

Enter file name: 
! Emergency stop.
<read *> 
         
l.3 \input{../needed.tex}
                         ^^M
End of file on the terminal!

 
Here is how much of TeX's memory you used:
 241 strings out of 479418
 2738 string characters out of 5887666
 245340 words of memory out of 5000000
 17848 multiletter control sequences out of 15000+600000
 532346 words of font info for 25 fonts, out of 8000000 for 9000
 1348 hyphenation exceptions out of 8191
 24i,0n,24p,168b,40s stack positions out of 5000i,500n,10000p,200000b,80000s
No pages of output.
