This is XeTeX, Version 3.14159265-2.6-0.999992 (TeX Live 2020) (preloaded format=xelatex 2020.7.6)  18 AUG 2020 10:52
entering extended mode
 restricted \write18 enabled.
 %&-line parsing enabled.
**chap/chap.01whatisml.tex
(./chap/chap.01whatisml.tex
LaTeX2e <2020-02-02> patch level 5
L3 programming layer <2020-03-06>

! LaTeX Error: File `../elegantbook.cls' not found.

Type X to quit or <RETURN> to proceed,
or enter new name. (Default extension: cls)

Enter file name: X

 )
(\end occurred when \ifx on line 4 was incomplete)
(\end occurred when \ifx on line 4 was incomplete)
(\end occurred when \ifx on line 1 was incomplete) 
Here is how much of TeX's memory you used:
 23 strings out of 479418
 447 string characters out of 5887666
 245340 words of memory out of 5000000
 17639 multiletter control sequences out of 15000+600000
 532338 words of font info for 24 fonts, out of 8000000 for 9000
 1348 hyphenation exceptions out of 8191
 14i,0n,17p,87b,10s stack positions out of 5000i,500n,10000p,200000b,80000s

No pages of output.
